19:02:08::INFO    :Application Starting up
19:02:08::DEBUG   :Using proactor: IocpProactor
19:02:08::DEBUG   :Importing AvifImagePlugin
19:02:08::DEBUG   :Importing BlpImagePlugin
19:02:08::DEBUG   :Importing BmpImagePlugin
19:02:08::DEBUG   :Importing BufrStubImagePlugin
19:02:08::DEBUG   :Importing CurImagePlugin
19:02:08::DEBUG   :Importing DcxImagePlugin
19:02:08::DEBUG   :Importing DdsImagePlugin
19:02:08::DEBUG   :Importing EpsImagePlugin
19:02:08::DEBUG   :Importing FitsImagePlugin
19:02:08::DEBUG   :Importing FliImagePlugin
19:02:08::DEBUG   :Importing FpxImagePlugin
19:02:08::DEBUG   :Image: failed to import FpxImagePlugin: No module named 'olefile'
19:02:08::DEBUG   :Importing FtexImagePlugin
19:02:08::DEBUG   :Importing GbrImagePlugin
19:02:08::DEBUG   :Importing GifImagePlugin
19:02:08::DEBUG   :Importing GribStubImagePlugin
19:02:08::DEBUG   :Importing Hdf5StubImagePlugin
19:02:08::DEBUG   :Importing IcnsImagePlugin
19:02:08::DEBUG   :Importing IcoImagePlugin
19:02:08::DEBUG   :Importing ImImagePlugin
19:02:08::DEBUG   :Importing ImtImagePlugin
19:02:08::DEBUG   :Importing IptcImagePlugin
19:02:08::DEBUG   :Importing JpegImagePlugin
19:02:08::DEBUG   :Importing Jpeg2KImagePlugin
19:02:08::DEBUG   :Importing McIdasImagePlugin
19:02:08::DEBUG   :Importing MicImagePlugin
19:02:08::DEBUG   :Image: failed to import MicImagePlugin: No module named 'olefile'
19:02:08::DEBUG   :Importing MpegImagePlugin
19:02:08::DEBUG   :Importing MpoImagePlugin
19:02:08::DEBUG   :Importing MspImagePlugin
19:02:08::DEBUG   :Importing PalmImagePlugin
19:02:08::DEBUG   :Importing PcdImagePlugin
19:02:08::DEBUG   :Importing PcxImagePlugin
19:02:08::DEBUG   :Importing PdfImagePlugin
19:02:08::DEBUG   :Importing PixarImagePlugin
19:02:08::DEBUG   :Importing PngImagePlugin
19:02:08::DEBUG   :Importing PpmImagePlugin
19:02:08::DEBUG   :Importing PsdImagePlugin
19:02:08::DEBUG   :Importing QoiImagePlugin
19:02:08::DEBUG   :Importing SgiImagePlugin
19:02:08::DEBUG   :Importing SpiderImagePlugin
19:02:08::DEBUG   :Importing SunImagePlugin
19:02:08::DEBUG   :Importing TgaImagePlugin
19:02:08::DEBUG   :Importing TiffImagePlugin
19:02:08::DEBUG   :Importing WebPImagePlugin
19:02:08::DEBUG   :Importing WmfImagePlugin
19:02:08::DEBUG   :Importing XbmImagePlugin
19:02:08::DEBUG   :Importing XpmImagePlugin
19:02:08::DEBUG   :Importing XVThumbImagePlugin
19:02:08::INFO    :Startup complete
19:02:08::DEBUG   :Initialized Schedule class
19:09:41::INFO    :Application Starting up
19:09:41::DEBUG   :Using proactor: IocpProactor
19:09:41::DEBUG   :Importing AvifImagePlugin
19:09:41::DEBUG   :Importing BlpImagePlugin
19:09:41::DEBUG   :Importing BmpImagePlugin
19:09:41::DEBUG   :Importing BufrStubImagePlugin
19:09:41::DEBUG   :Importing CurImagePlugin
19:09:41::DEBUG   :Importing DcxImagePlugin
19:09:41::DEBUG   :Importing DdsImagePlugin
19:09:41::DEBUG   :Importing EpsImagePlugin
19:09:41::DEBUG   :Importing FitsImagePlugin
19:09:41::DEBUG   :Importing FliImagePlugin
19:09:41::DEBUG   :Importing FpxImagePlugin
19:09:41::DEBUG   :Image: failed to import FpxImagePlugin: No module named 'olefile'
19:09:41::DEBUG   :Importing FtexImagePlugin
19:09:41::DEBUG   :Importing GbrImagePlugin
19:09:41::DEBUG   :Importing GifImagePlugin
19:09:41::DEBUG   :Importing GribStubImagePlugin
19:09:41::DEBUG   :Importing Hdf5StubImagePlugin
19:09:41::DEBUG   :Importing IcnsImagePlugin
19:09:41::DEBUG   :Importing IcoImagePlugin
19:09:41::DEBUG   :Importing ImImagePlugin
19:09:41::DEBUG   :Importing ImtImagePlugin
19:09:41::DEBUG   :Importing IptcImagePlugin
19:09:41::DEBUG   :Importing JpegImagePlugin
19:09:41::DEBUG   :Importing Jpeg2KImagePlugin
19:09:41::DEBUG   :Importing McIdasImagePlugin
19:09:41::DEBUG   :Importing MicImagePlugin
19:09:41::DEBUG   :Image: failed to import MicImagePlugin: No module named 'olefile'
19:09:41::DEBUG   :Importing MpegImagePlugin
19:09:41::DEBUG   :Importing MpoImagePlugin
19:09:41::DEBUG   :Importing MspImagePlugin
19:09:41::DEBUG   :Importing PalmImagePlugin
19:09:41::DEBUG   :Importing PcdImagePlugin
19:09:41::DEBUG   :Importing PcxImagePlugin
19:09:41::DEBUG   :Importing PdfImagePlugin
19:09:41::DEBUG   :Importing PixarImagePlugin
19:09:41::DEBUG   :Importing PngImagePlugin
19:09:41::DEBUG   :Importing PpmImagePlugin
19:09:41::DEBUG   :Importing PsdImagePlugin
19:09:41::DEBUG   :Importing QoiImagePlugin
19:09:41::DEBUG   :Importing SgiImagePlugin
19:09:41::DEBUG   :Importing SpiderImagePlugin
19:09:41::DEBUG   :Importing SunImagePlugin
19:09:41::DEBUG   :Importing TgaImagePlugin
19:09:41::DEBUG   :Importing TiffImagePlugin
19:09:41::DEBUG   :Importing WebPImagePlugin
19:09:41::DEBUG   :Importing WmfImagePlugin
19:09:41::DEBUG   :Importing XbmImagePlugin
19:09:41::DEBUG   :Importing XpmImagePlugin
19:09:41::DEBUG   :Importing XVThumbImagePlugin
19:09:42::INFO    :Startup complete
19:09:42::DEBUG   :Initialized Schedule class
19:09:59::INFO    :Application Starting up
19:09:59::DEBUG   :Using proactor: IocpProactor
19:09:59::DEBUG   :Importing AvifImagePlugin
19:09:59::DEBUG   :Importing BlpImagePlugin
19:09:59::DEBUG   :Importing BmpImagePlugin
19:09:59::DEBUG   :Importing BufrStubImagePlugin
19:09:59::DEBUG   :Importing CurImagePlugin
19:09:59::DEBUG   :Importing DcxImagePlugin
19:09:59::DEBUG   :Importing DdsImagePlugin
19:09:59::DEBUG   :Importing EpsImagePlugin
19:09:59::DEBUG   :Importing FitsImagePlugin
19:09:59::DEBUG   :Importing FliImagePlugin
19:09:59::DEBUG   :Importing FpxImagePlugin
19:09:59::DEBUG   :Image: failed to import FpxImagePlugin: No module named 'olefile'
19:09:59::DEBUG   :Importing FtexImagePlugin
19:09:59::DEBUG   :Importing GbrImagePlugin
19:09:59::DEBUG   :Importing GifImagePlugin
19:09:59::DEBUG   :Importing GribStubImagePlugin
19:09:59::DEBUG   :Importing Hdf5StubImagePlugin
19:09:59::DEBUG   :Importing IcnsImagePlugin
19:09:59::DEBUG   :Importing IcoImagePlugin
19:09:59::DEBUG   :Importing ImImagePlugin
19:09:59::DEBUG   :Importing ImtImagePlugin
19:09:59::DEBUG   :Importing IptcImagePlugin
19:09:59::DEBUG   :Importing JpegImagePlugin
19:09:59::DEBUG   :Importing Jpeg2KImagePlugin
19:09:59::DEBUG   :Importing McIdasImagePlugin
19:09:59::DEBUG   :Importing MicImagePlugin
19:09:59::DEBUG   :Image: failed to import MicImagePlugin: No module named 'olefile'
19:09:59::DEBUG   :Importing MpegImagePlugin
19:09:59::DEBUG   :Importing MpoImagePlugin
19:09:59::DEBUG   :Importing MspImagePlugin
19:09:59::DEBUG   :Importing PalmImagePlugin
19:09:59::DEBUG   :Importing PcdImagePlugin
19:09:59::DEBUG   :Importing PcxImagePlugin
19:09:59::DEBUG   :Importing PdfImagePlugin
19:09:59::DEBUG   :Importing PixarImagePlugin
19:09:59::DEBUG   :Importing PngImagePlugin
19:09:59::DEBUG   :Importing PpmImagePlugin
19:09:59::DEBUG   :Importing PsdImagePlugin
19:09:59::DEBUG   :Importing QoiImagePlugin
19:09:59::DEBUG   :Importing SgiImagePlugin
19:09:59::DEBUG   :Importing SpiderImagePlugin
19:09:59::DEBUG   :Importing SunImagePlugin
19:09:59::DEBUG   :Importing TgaImagePlugin
19:09:59::DEBUG   :Importing TiffImagePlugin
19:09:59::DEBUG   :Importing WebPImagePlugin
19:09:59::DEBUG   :Importing WmfImagePlugin
19:09:59::DEBUG   :Importing XbmImagePlugin
19:09:59::DEBUG   :Importing XpmImagePlugin
19:09:59::DEBUG   :Importing XVThumbImagePlugin
19:09:59::INFO    :Startup complete
19:09:59::DEBUG   :Initialized Schedule class
19:16:28::INFO    :Application Starting up
19:16:28::DEBUG   :Using proactor: IocpProactor
19:16:28::DEBUG   :Importing AvifImagePlugin
19:16:28::DEBUG   :Importing BlpImagePlugin
19:16:28::DEBUG   :Importing BmpImagePlugin
19:16:28::DEBUG   :Importing BufrStubImagePlugin
19:16:28::DEBUG   :Importing CurImagePlugin
19:16:28::DEBUG   :Importing DcxImagePlugin
19:16:28::DEBUG   :Importing DdsImagePlugin
19:16:28::DEBUG   :Importing EpsImagePlugin
19:16:28::DEBUG   :Importing FitsImagePlugin
19:16:28::DEBUG   :Importing FliImagePlugin
19:16:28::DEBUG   :Importing FpxImagePlugin
19:16:28::DEBUG   :Image: failed to import FpxImagePlugin: No module named 'olefile'
19:16:28::DEBUG   :Importing FtexImagePlugin
19:16:28::DEBUG   :Importing GbrImagePlugin
19:16:28::DEBUG   :Importing GifImagePlugin
19:16:28::DEBUG   :Importing GribStubImagePlugin
19:16:28::DEBUG   :Importing Hdf5StubImagePlugin
19:16:28::DEBUG   :Importing IcnsImagePlugin
19:16:28::DEBUG   :Importing IcoImagePlugin
19:16:28::DEBUG   :Importing ImImagePlugin
19:16:28::DEBUG   :Importing ImtImagePlugin
19:16:28::DEBUG   :Importing IptcImagePlugin
19:16:28::DEBUG   :Importing JpegImagePlugin
19:16:28::DEBUG   :Importing Jpeg2KImagePlugin
19:16:28::DEBUG   :Importing McIdasImagePlugin
19:16:28::DEBUG   :Importing MicImagePlugin
19:16:28::DEBUG   :Image: failed to import MicImagePlugin: No module named 'olefile'
19:16:28::DEBUG   :Importing MpegImagePlugin
19:16:28::DEBUG   :Importing MpoImagePlugin
19:16:28::DEBUG   :Importing MspImagePlugin
19:16:28::DEBUG   :Importing PalmImagePlugin
19:16:28::DEBUG   :Importing PcdImagePlugin
19:16:28::DEBUG   :Importing PcxImagePlugin
19:16:28::DEBUG   :Importing PdfImagePlugin
19:16:28::DEBUG   :Importing PixarImagePlugin
19:16:28::DEBUG   :Importing PngImagePlugin
19:16:28::DEBUG   :Importing PpmImagePlugin
19:16:28::DEBUG   :Importing PsdImagePlugin
19:16:28::DEBUG   :Importing QoiImagePlugin
19:16:28::DEBUG   :Importing SgiImagePlugin
19:16:28::DEBUG   :Importing SpiderImagePlugin
19:16:28::DEBUG   :Importing SunImagePlugin
19:16:28::DEBUG   :Importing TgaImagePlugin
19:16:28::DEBUG   :Importing TiffImagePlugin
19:16:28::DEBUG   :Importing WebPImagePlugin
19:16:28::DEBUG   :Importing WmfImagePlugin
19:16:28::DEBUG   :Importing XbmImagePlugin
19:16:28::DEBUG   :Importing XpmImagePlugin
19:16:28::DEBUG   :Importing XVThumbImagePlugin
19:16:28::INFO    :Startup complete
19:16:28::DEBUG   :Initialized Schedule class
19:16:28::ERROR   :Task exception was never retrieved
future: <Task finished name='Task-4' coro=<update_cycle() done, defined at c:\Users\user\Documents\GitHub\School_Notes\csengetes_visszaszamlalo\csengo3.py:383> exception=TypeError("unsupported operand type(s) for +: 'datetime.time' and 'datetime.timedelta'")>
Traceback (most recent call last):
  File "c:\Users\user\Documents\GitHub\School_Notes\csengetes_visszaszamlalo\csengo3.py", line 407, in update_cycle
    if (_class.begin + timedelta(seconds=delay) > now_time and _class.classname is not None):
        ~~~~~~~~~~~~~^~~~~~~~~~~~~~~~~~~~~~~~~~
TypeError: unsupported operand type(s) for +: 'datetime.time' and 'datetime.timedelta'
19:17:38::INFO    :Application Starting up
19:17:38::DEBUG   :Using proactor: IocpProactor
19:17:38::DEBUG   :Importing AvifImagePlugin
19:17:38::DEBUG   :Importing BlpImagePlugin
19:17:38::DEBUG   :Importing BmpImagePlugin
19:17:38::DEBUG   :Importing BufrStubImagePlugin
19:17:38::DEBUG   :Importing CurImagePlugin
19:17:38::DEBUG   :Importing DcxImagePlugin
19:17:38::DEBUG   :Importing DdsImagePlugin
19:17:38::DEBUG   :Importing EpsImagePlugin
19:17:38::DEBUG   :Importing FitsImagePlugin
19:17:38::DEBUG   :Importing FliImagePlugin
19:17:38::DEBUG   :Importing FpxImagePlugin
19:17:38::DEBUG   :Image: failed to import FpxImagePlugin: No module named 'olefile'
19:17:38::DEBUG   :Importing FtexImagePlugin
19:17:38::DEBUG   :Importing GbrImagePlugin
19:17:38::DEBUG   :Importing GifImagePlugin
19:17:38::DEBUG   :Importing GribStubImagePlugin
19:17:38::DEBUG   :Importing Hdf5StubImagePlugin
19:17:38::DEBUG   :Importing IcnsImagePlugin
19:17:38::DEBUG   :Importing IcoImagePlugin
19:17:38::DEBUG   :Importing ImImagePlugin
19:17:38::DEBUG   :Importing ImtImagePlugin
19:17:38::DEBUG   :Importing IptcImagePlugin
19:17:38::DEBUG   :Importing JpegImagePlugin
19:17:38::DEBUG   :Importing Jpeg2KImagePlugin
19:17:38::DEBUG   :Importing McIdasImagePlugin
19:17:38::DEBUG   :Importing MicImagePlugin
19:17:38::DEBUG   :Image: failed to import MicImagePlugin: No module named 'olefile'
19:17:38::DEBUG   :Importing MpegImagePlugin
19:17:38::DEBUG   :Importing MpoImagePlugin
19:17:38::DEBUG   :Importing MspImagePlugin
19:17:38::DEBUG   :Importing PalmImagePlugin
19:17:38::DEBUG   :Importing PcdImagePlugin
19:17:38::DEBUG   :Importing PcxImagePlugin
19:17:38::DEBUG   :Importing PdfImagePlugin
19:17:38::DEBUG   :Importing PixarImagePlugin
19:17:38::DEBUG   :Importing PngImagePlugin
19:17:38::DEBUG   :Importing PpmImagePlugin
19:17:38::DEBUG   :Importing PsdImagePlugin
19:17:38::DEBUG   :Importing QoiImagePlugin
19:17:38::DEBUG   :Importing SgiImagePlugin
19:17:38::DEBUG   :Importing SpiderImagePlugin
19:17:38::DEBUG   :Importing SunImagePlugin
19:17:38::DEBUG   :Importing TgaImagePlugin
19:17:38::DEBUG   :Importing TiffImagePlugin
19:17:38::DEBUG   :Importing WebPImagePlugin
19:17:38::DEBUG   :Importing WmfImagePlugin
19:17:38::DEBUG   :Importing XbmImagePlugin
19:17:38::DEBUG   :Importing XpmImagePlugin
19:17:38::DEBUG   :Importing XVThumbImagePlugin
19:17:38::INFO    :Startup complete
19:17:38::DEBUG   :Initialized Schedule class
19:17:51::ERROR   :Task was destroyed but it is pending!
task: <Task pending name='Task-3' coro=<transparency_check() running at c:\Users\user\Documents\GitHub\School_Notes\csengetes_visszaszamlalo\csengo3.py:291> wait_for=<Future pending cb=[Task.task_wakeup()]>>
19:17:51::ERROR   :Task was destroyed but it is pending!
task: <Task pending name='Task-4' coro=<update_cycle() running at c:\Users\user\Documents\GitHub\School_Notes\csengetes_visszaszamlalo\csengo3.py:487> wait_for=<Future pending cb=[Task.task_wakeup()]>>
19:26:45::INFO    :Application Starting up
19:26:45::DEBUG   :Using proactor: IocpProactor
19:26:45::DEBUG   :Importing AvifImagePlugin
19:26:45::DEBUG   :Importing BlpImagePlugin
19:26:45::DEBUG   :Importing BmpImagePlugin
19:26:45::DEBUG   :Importing BufrStubImagePlugin
19:26:45::DEBUG   :Importing CurImagePlugin
19:26:45::DEBUG   :Importing DcxImagePlugin
19:26:45::DEBUG   :Importing DdsImagePlugin
19:26:45::DEBUG   :Importing EpsImagePlugin
19:26:45::DEBUG   :Importing FitsImagePlugin
19:26:45::DEBUG   :Importing FliImagePlugin
19:26:45::DEBUG   :Importing FpxImagePlugin
19:26:45::DEBUG   :Image: failed to import FpxImagePlugin: No module named 'olefile'
19:26:45::DEBUG   :Importing FtexImagePlugin
19:26:45::DEBUG   :Importing GbrImagePlugin
19:26:45::DEBUG   :Importing GifImagePlugin
19:26:45::DEBUG   :Importing GribStubImagePlugin
19:26:45::DEBUG   :Importing Hdf5StubImagePlugin
19:26:45::DEBUG   :Importing IcnsImagePlugin
19:26:45::DEBUG   :Importing IcoImagePlugin
19:26:45::DEBUG   :Importing ImImagePlugin
19:26:45::DEBUG   :Importing ImtImagePlugin
19:26:45::DEBUG   :Importing IptcImagePlugin
19:26:45::DEBUG   :Importing JpegImagePlugin
19:26:45::DEBUG   :Importing Jpeg2KImagePlugin
19:26:45::DEBUG   :Importing McIdasImagePlugin
19:26:45::DEBUG   :Importing MicImagePlugin
19:26:45::DEBUG   :Image: failed to import MicImagePlugin: No module named 'olefile'
19:26:45::DEBUG   :Importing MpegImagePlugin
19:26:45::DEBUG   :Importing MpoImagePlugin
19:26:45::DEBUG   :Importing MspImagePlugin
19:26:45::DEBUG   :Importing PalmImagePlugin
19:26:45::DEBUG   :Importing PcdImagePlugin
19:26:45::DEBUG   :Importing PcxImagePlugin
19:26:45::DEBUG   :Importing PdfImagePlugin
19:26:45::DEBUG   :Importing PixarImagePlugin
19:26:45::DEBUG   :Importing PngImagePlugin
19:26:45::DEBUG   :Importing PpmImagePlugin
19:26:45::DEBUG   :Importing PsdImagePlugin
19:26:45::DEBUG   :Importing QoiImagePlugin
19:26:45::DEBUG   :Importing SgiImagePlugin
19:26:45::DEBUG   :Importing SpiderImagePlugin
19:26:45::DEBUG   :Importing SunImagePlugin
19:26:45::DEBUG   :Importing TgaImagePlugin
19:26:45::DEBUG   :Importing TiffImagePlugin
19:26:45::DEBUG   :Importing WebPImagePlugin
19:26:45::DEBUG   :Importing WmfImagePlugin
19:26:45::DEBUG   :Importing XbmImagePlugin
19:26:45::DEBUG   :Importing XpmImagePlugin
19:26:45::DEBUG   :Importing XVThumbImagePlugin
19:26:45::INFO    :Startup complete
19:26:45::DEBUG   :Initialized Schedule class
19:27:45::ERROR   :Task was destroyed but it is pending!
task: <Task pending name='Task-3' coro=<transparency_check() running at c:\Users\user\Documents\GitHub\School_Notes\csengetes_visszaszamlalo\csengo3.py:291> wait_for=<Future pending cb=[Task.task_wakeup()]>>
19:27:45::ERROR   :Task was destroyed but it is pending!
task: <Task pending name='Task-4' coro=<update_cycle() running at c:\Users\user\Documents\GitHub\School_Notes\csengetes_visszaszamlalo\csengo3.py:487> wait_for=<Future pending cb=[Task.task_wakeup()]>>
19:30:52::INFO    :Application Starting up
19:30:52::DEBUG   :Using proactor: IocpProactor
19:30:52::DEBUG   :Importing AvifImagePlugin
19:30:52::DEBUG   :Importing BlpImagePlugin
19:30:52::DEBUG   :Importing BmpImagePlugin
19:30:52::DEBUG   :Importing BufrStubImagePlugin
19:30:52::DEBUG   :Importing CurImagePlugin
19:30:52::DEBUG   :Importing DcxImagePlugin
19:30:52::DEBUG   :Importing DdsImagePlugin
19:30:52::DEBUG   :Importing EpsImagePlugin
19:30:52::DEBUG   :Importing FitsImagePlugin
19:30:52::DEBUG   :Importing FliImagePlugin
19:30:52::DEBUG   :Importing FpxImagePlugin
19:30:52::DEBUG   :Image: failed to import FpxImagePlugin: No module named 'olefile'
19:30:52::DEBUG   :Importing FtexImagePlugin
19:30:52::DEBUG   :Importing GbrImagePlugin
19:30:52::DEBUG   :Importing GifImagePlugin
19:30:52::DEBUG   :Importing GribStubImagePlugin
19:30:52::DEBUG   :Importing Hdf5StubImagePlugin
19:30:52::DEBUG   :Importing IcnsImagePlugin
19:30:52::DEBUG   :Importing IcoImagePlugin
19:30:52::DEBUG   :Importing ImImagePlugin
19:30:52::DEBUG   :Importing ImtImagePlugin
19:30:52::DEBUG   :Importing IptcImagePlugin
19:30:52::DEBUG   :Importing JpegImagePlugin
19:30:52::DEBUG   :Importing Jpeg2KImagePlugin
19:30:52::DEBUG   :Importing McIdasImagePlugin
19:30:52::DEBUG   :Importing MicImagePlugin
19:30:52::DEBUG   :Image: failed to import MicImagePlugin: No module named 'olefile'
19:30:52::DEBUG   :Importing MpegImagePlugin
19:30:52::DEBUG   :Importing MpoImagePlugin
19:30:52::DEBUG   :Importing MspImagePlugin
19:30:52::DEBUG   :Importing PalmImagePlugin
19:30:52::DEBUG   :Importing PcdImagePlugin
19:30:52::DEBUG   :Importing PcxImagePlugin
19:30:52::DEBUG   :Importing PdfImagePlugin
19:30:52::DEBUG   :Importing PixarImagePlugin
19:30:52::DEBUG   :Importing PngImagePlugin
19:30:52::DEBUG   :Importing PpmImagePlugin
19:30:52::DEBUG   :Importing PsdImagePlugin
19:30:52::DEBUG   :Importing QoiImagePlugin
19:30:52::DEBUG   :Importing SgiImagePlugin
19:30:52::DEBUG   :Importing SpiderImagePlugin
19:30:52::DEBUG   :Importing SunImagePlugin
19:30:52::DEBUG   :Importing TgaImagePlugin
19:30:52::DEBUG   :Importing TiffImagePlugin
19:30:52::DEBUG   :Importing WebPImagePlugin
19:30:52::DEBUG   :Importing WmfImagePlugin
19:30:52::DEBUG   :Importing XbmImagePlugin
19:30:52::DEBUG   :Importing XpmImagePlugin
19:30:52::DEBUG   :Importing XVThumbImagePlugin
19:30:52::INFO    :Startup complete
19:30:52::DEBUG   :Initialized Schedule class
19:31:28::INFO    :Closing application
19:32:02::INFO    :Application Starting up
19:32:02::DEBUG   :Using proactor: IocpProactor
19:32:02::DEBUG   :Importing AvifImagePlugin
19:32:02::DEBUG   :Importing BlpImagePlugin
19:32:02::DEBUG   :Importing BmpImagePlugin
19:32:02::DEBUG   :Importing BufrStubImagePlugin
19:32:02::DEBUG   :Importing CurImagePlugin
19:32:02::DEBUG   :Importing DcxImagePlugin
19:32:02::DEBUG   :Importing DdsImagePlugin
19:32:02::DEBUG   :Importing EpsImagePlugin
19:32:02::DEBUG   :Importing FitsImagePlugin
19:32:02::DEBUG   :Importing FliImagePlugin
19:32:02::DEBUG   :Importing FpxImagePlugin
19:32:02::DEBUG   :Image: failed to import FpxImagePlugin: No module named 'olefile'
19:32:02::DEBUG   :Importing FtexImagePlugin
19:32:02::DEBUG   :Importing GbrImagePlugin
19:32:02::DEBUG   :Importing GifImagePlugin
19:32:02::DEBUG   :Importing GribStubImagePlugin
19:32:02::DEBUG   :Importing Hdf5StubImagePlugin
19:32:02::DEBUG   :Importing IcnsImagePlugin
19:32:02::DEBUG   :Importing IcoImagePlugin
19:32:02::DEBUG   :Importing ImImagePlugin
19:32:02::DEBUG   :Importing ImtImagePlugin
19:32:02::DEBUG   :Importing IptcImagePlugin
19:32:02::DEBUG   :Importing JpegImagePlugin
19:32:02::DEBUG   :Importing Jpeg2KImagePlugin
19:32:02::DEBUG   :Importing McIdasImagePlugin
19:32:02::DEBUG   :Importing MicImagePlugin
19:32:02::DEBUG   :Image: failed to import MicImagePlugin: No module named 'olefile'
19:32:02::DEBUG   :Importing MpegImagePlugin
19:32:02::DEBUG   :Importing MpoImagePlugin
19:32:02::DEBUG   :Importing MspImagePlugin
19:32:02::DEBUG   :Importing PalmImagePlugin
19:32:02::DEBUG   :Importing PcdImagePlugin
19:32:02::DEBUG   :Importing PcxImagePlugin
19:32:02::DEBUG   :Importing PdfImagePlugin
19:32:02::DEBUG   :Importing PixarImagePlugin
19:32:02::DEBUG   :Importing PngImagePlugin
19:32:02::DEBUG   :Importing PpmImagePlugin
19:32:02::DEBUG   :Importing PsdImagePlugin
19:32:02::DEBUG   :Importing QoiImagePlugin
19:32:02::DEBUG   :Importing SgiImagePlugin
19:32:02::DEBUG   :Importing SpiderImagePlugin
19:32:02::DEBUG   :Importing SunImagePlugin
19:32:02::DEBUG   :Importing TgaImagePlugin
19:32:02::DEBUG   :Importing TiffImagePlugin
19:32:02::DEBUG   :Importing WebPImagePlugin
19:32:02::DEBUG   :Importing WmfImagePlugin
19:32:02::DEBUG   :Importing XbmImagePlugin
19:32:02::DEBUG   :Importing XpmImagePlugin
19:32:02::DEBUG   :Importing XVThumbImagePlugin
19:32:02::INFO    :Startup complete
19:32:02::DEBUG   :Initialized Schedule class
19:32:06::INFO    :Closing application
19:32:20::INFO    :Application Starting up
19:32:20::DEBUG   :Using proactor: IocpProactor
19:32:20::DEBUG   :Importing AvifImagePlugin
19:32:20::DEBUG   :Importing BlpImagePlugin
19:32:20::DEBUG   :Importing BmpImagePlugin
19:32:20::DEBUG   :Importing BufrStubImagePlugin
19:32:20::DEBUG   :Importing CurImagePlugin
19:32:20::DEBUG   :Importing DcxImagePlugin
19:32:20::DEBUG   :Importing DdsImagePlugin
19:32:20::DEBUG   :Importing EpsImagePlugin
19:32:20::DEBUG   :Importing FitsImagePlugin
19:32:20::DEBUG   :Importing FliImagePlugin
19:32:20::DEBUG   :Importing FpxImagePlugin
19:32:20::DEBUG   :Image: failed to import FpxImagePlugin: No module named 'olefile'
19:32:20::DEBUG   :Importing FtexImagePlugin
19:32:20::DEBUG   :Importing GbrImagePlugin
19:32:20::DEBUG   :Importing GifImagePlugin
19:32:20::DEBUG   :Importing GribStubImagePlugin
19:32:20::DEBUG   :Importing Hdf5StubImagePlugin
19:32:20::DEBUG   :Importing IcnsImagePlugin
19:32:20::DEBUG   :Importing IcoImagePlugin
19:32:20::DEBUG   :Importing ImImagePlugin
19:32:20::DEBUG   :Importing ImtImagePlugin
19:32:20::DEBUG   :Importing IptcImagePlugin
19:32:20::DEBUG   :Importing JpegImagePlugin
19:32:20::DEBUG   :Importing Jpeg2KImagePlugin
19:32:20::DEBUG   :Importing McIdasImagePlugin
19:32:20::DEBUG   :Importing MicImagePlugin
19:32:20::DEBUG   :Image: failed to import MicImagePlugin: No module named 'olefile'
19:32:20::DEBUG   :Importing MpegImagePlugin
19:32:20::DEBUG   :Importing MpoImagePlugin
19:32:20::DEBUG   :Importing MspImagePlugin
19:32:20::DEBUG   :Importing PalmImagePlugin
19:32:20::DEBUG   :Importing PcdImagePlugin
19:32:20::DEBUG   :Importing PcxImagePlugin
19:32:20::DEBUG   :Importing PdfImagePlugin
19:32:20::DEBUG   :Importing PixarImagePlugin
19:32:20::DEBUG   :Importing PngImagePlugin
19:32:20::DEBUG   :Importing PpmImagePlugin
19:32:20::DEBUG   :Importing PsdImagePlugin
19:32:20::DEBUG   :Importing QoiImagePlugin
19:32:20::DEBUG   :Importing SgiImagePlugin
19:32:20::DEBUG   :Importing SpiderImagePlugin
19:32:20::DEBUG   :Importing SunImagePlugin
19:32:20::DEBUG   :Importing TgaImagePlugin
19:32:20::DEBUG   :Importing TiffImagePlugin
19:32:20::DEBUG   :Importing WebPImagePlugin
19:32:20::DEBUG   :Importing WmfImagePlugin
19:32:20::DEBUG   :Importing XbmImagePlugin
19:32:20::DEBUG   :Importing XpmImagePlugin
19:32:20::DEBUG   :Importing XVThumbImagePlugin
19:32:20::INFO    :Startup complete
19:32:20::DEBUG   :Initialized Schedule class
19:32:24::INFO    :Closing application
19:32:24::ERROR   :Task was destroyed but it is pending!
task: <Task pending name='Task-3' coro=<transparency_check() running at c:\Users\user\Documents\GitHub\School_Notes\csengetes_visszaszamlalo\csengo3.py:293> wait_for=<Future finished result=None>>
19:32:24::ERROR   :Task was destroyed but it is pending!
task: <Task pending name='Task-4' coro=<update_cycle() done, defined at c:\Users\user\Documents\GitHub\School_Notes\csengetes_visszaszamlalo\csengo3.py:385> wait_for=<Future pending cb=[Task.task_wakeup()]>>
19:48:17::INFO    :Application Starting up
19:48:18::DEBUG   :Using proactor: IocpProactor
19:48:18::DEBUG   :Importing AvifImagePlugin
19:48:18::DEBUG   :Importing BlpImagePlugin
19:48:18::DEBUG   :Importing BmpImagePlugin
19:48:18::DEBUG   :Importing BufrStubImagePlugin
19:48:18::DEBUG   :Importing CurImagePlugin
19:48:18::DEBUG   :Importing DcxImagePlugin
19:48:18::DEBUG   :Importing DdsImagePlugin
19:48:18::DEBUG   :Importing EpsImagePlugin
19:48:18::DEBUG   :Importing FitsImagePlugin
19:48:18::DEBUG   :Importing FliImagePlugin
19:48:18::DEBUG   :Importing FpxImagePlugin
19:48:18::DEBUG   :Image: failed to import FpxImagePlugin: No module named 'olefile'
19:48:18::DEBUG   :Importing FtexImagePlugin
19:48:18::DEBUG   :Importing GbrImagePlugin
19:48:18::DEBUG   :Importing GifImagePlugin
19:48:18::DEBUG   :Importing GribStubImagePlugin
19:48:18::DEBUG   :Importing Hdf5StubImagePlugin
19:48:18::DEBUG   :Importing IcnsImagePlugin
19:48:18::DEBUG   :Importing IcoImagePlugin
19:48:18::DEBUG   :Importing ImImagePlugin
19:48:18::DEBUG   :Importing ImtImagePlugin
19:48:18::DEBUG   :Importing IptcImagePlugin
19:48:18::DEBUG   :Importing JpegImagePlugin
19:48:18::DEBUG   :Importing Jpeg2KImagePlugin
19:48:18::DEBUG   :Importing McIdasImagePlugin
19:48:18::DEBUG   :Importing MicImagePlugin
19:48:18::DEBUG   :Image: failed to import MicImagePlugin: No module named 'olefile'
19:48:18::DEBUG   :Importing MpegImagePlugin
19:48:18::DEBUG   :Importing MpoImagePlugin
19:48:18::DEBUG   :Importing MspImagePlugin
19:48:18::DEBUG   :Importing PalmImagePlugin
19:48:18::DEBUG   :Importing PcdImagePlugin
19:48:18::DEBUG   :Importing PcxImagePlugin
19:48:18::DEBUG   :Importing PdfImagePlugin
19:48:18::DEBUG   :Importing PixarImagePlugin
19:48:18::DEBUG   :Importing PngImagePlugin
19:48:18::DEBUG   :Importing PpmImagePlugin
19:48:18::DEBUG   :Importing PsdImagePlugin
19:48:18::DEBUG   :Importing QoiImagePlugin
19:48:18::DEBUG   :Importing SgiImagePlugin
19:48:18::DEBUG   :Importing SpiderImagePlugin
19:48:18::DEBUG   :Importing SunImagePlugin
19:48:18::DEBUG   :Importing TgaImagePlugin
19:48:18::DEBUG   :Importing TiffImagePlugin
19:48:18::DEBUG   :Importing WebPImagePlugin
19:48:18::DEBUG   :Importing WmfImagePlugin
19:48:18::DEBUG   :Importing XbmImagePlugin
19:48:18::DEBUG   :Importing XpmImagePlugin
19:48:18::DEBUG   :Importing XVThumbImagePlugin
19:48:18::INFO    :Startup complete
19:48:18::DEBUG   :Initialized Schedule class
19:48:59::INFO    :Application Starting up
19:48:59::DEBUG   :Using proactor: IocpProactor
19:48:59::DEBUG   :Importing AvifImagePlugin
19:48:59::DEBUG   :Importing BlpImagePlugin
19:48:59::DEBUG   :Importing BmpImagePlugin
19:48:59::DEBUG   :Importing BufrStubImagePlugin
19:48:59::DEBUG   :Importing CurImagePlugin
19:48:59::DEBUG   :Importing DcxImagePlugin
19:48:59::DEBUG   :Importing DdsImagePlugin
19:48:59::DEBUG   :Importing EpsImagePlugin
19:48:59::DEBUG   :Importing FitsImagePlugin
19:48:59::DEBUG   :Importing FliImagePlugin
19:48:59::DEBUG   :Importing FpxImagePlugin
19:48:59::DEBUG   :Image: failed to import FpxImagePlugin: No module named 'olefile'
19:48:59::DEBUG   :Importing FtexImagePlugin
19:48:59::DEBUG   :Importing GbrImagePlugin
19:48:59::DEBUG   :Importing GifImagePlugin
19:48:59::DEBUG   :Importing GribStubImagePlugin
19:48:59::DEBUG   :Importing Hdf5StubImagePlugin
19:48:59::DEBUG   :Importing IcnsImagePlugin
19:48:59::DEBUG   :Importing IcoImagePlugin
19:48:59::DEBUG   :Importing ImImagePlugin
19:48:59::DEBUG   :Importing ImtImagePlugin
19:48:59::DEBUG   :Importing IptcImagePlugin
19:48:59::DEBUG   :Importing JpegImagePlugin
19:48:59::DEBUG   :Importing Jpeg2KImagePlugin
19:48:59::DEBUG   :Importing McIdasImagePlugin
19:48:59::DEBUG   :Importing MicImagePlugin
19:48:59::DEBUG   :Image: failed to import MicImagePlugin: No module named 'olefile'
19:48:59::DEBUG   :Importing MpegImagePlugin
19:48:59::DEBUG   :Importing MpoImagePlugin
19:48:59::DEBUG   :Importing MspImagePlugin
19:48:59::DEBUG   :Importing PalmImagePlugin
19:48:59::DEBUG   :Importing PcdImagePlugin
19:48:59::DEBUG   :Importing PcxImagePlugin
19:48:59::DEBUG   :Importing PdfImagePlugin
19:48:59::DEBUG   :Importing PixarImagePlugin
19:48:59::DEBUG   :Importing PngImagePlugin
19:48:59::DEBUG   :Importing PpmImagePlugin
19:48:59::DEBUG   :Importing PsdImagePlugin
19:48:59::DEBUG   :Importing QoiImagePlugin
19:48:59::DEBUG   :Importing SgiImagePlugin
19:48:59::DEBUG   :Importing SpiderImagePlugin
19:48:59::DEBUG   :Importing SunImagePlugin
19:48:59::DEBUG   :Importing TgaImagePlugin
19:48:59::DEBUG   :Importing TiffImagePlugin
19:48:59::DEBUG   :Importing WebPImagePlugin
19:48:59::DEBUG   :Importing WmfImagePlugin
19:48:59::DEBUG   :Importing XbmImagePlugin
19:48:59::DEBUG   :Importing XpmImagePlugin
19:48:59::DEBUG   :Importing XVThumbImagePlugin
19:48:59::INFO    :Startup complete
19:48:59::DEBUG   :Initialized Schedule class
19:55:41::INFO    :Application Starting up
19:55:41::DEBUG   :Using proactor: IocpProactor
19:55:41::DEBUG   :Importing AvifImagePlugin
19:55:41::DEBUG   :Importing BlpImagePlugin
19:55:41::DEBUG   :Importing BmpImagePlugin
19:55:41::DEBUG   :Importing BufrStubImagePlugin
19:55:41::DEBUG   :Importing CurImagePlugin
19:55:41::DEBUG   :Importing DcxImagePlugin
19:55:41::DEBUG   :Importing DdsImagePlugin
19:55:41::DEBUG   :Importing EpsImagePlugin
19:55:41::DEBUG   :Importing FitsImagePlugin
19:55:41::DEBUG   :Importing FliImagePlugin
19:55:41::DEBUG   :Importing FpxImagePlugin
19:55:41::DEBUG   :Image: failed to import FpxImagePlugin: No module named 'olefile'
19:55:41::DEBUG   :Importing FtexImagePlugin
19:55:41::DEBUG   :Importing GbrImagePlugin
19:55:41::DEBUG   :Importing GifImagePlugin
19:55:41::DEBUG   :Importing GribStubImagePlugin
19:55:41::DEBUG   :Importing Hdf5StubImagePlugin
19:55:41::DEBUG   :Importing IcnsImagePlugin
19:55:41::DEBUG   :Importing IcoImagePlugin
19:55:41::DEBUG   :Importing ImImagePlugin
19:55:41::DEBUG   :Importing ImtImagePlugin
19:55:41::DEBUG   :Importing IptcImagePlugin
19:55:41::DEBUG   :Importing JpegImagePlugin
19:55:41::DEBUG   :Importing Jpeg2KImagePlugin
19:55:41::DEBUG   :Importing McIdasImagePlugin
19:55:41::DEBUG   :Importing MicImagePlugin
19:55:41::DEBUG   :Image: failed to import MicImagePlugin: No module named 'olefile'
19:55:41::DEBUG   :Importing MpegImagePlugin
19:55:41::DEBUG   :Importing MpoImagePlugin
19:55:41::DEBUG   :Importing MspImagePlugin
19:55:41::DEBUG   :Importing PalmImagePlugin
19:55:41::DEBUG   :Importing PcdImagePlugin
19:55:41::DEBUG   :Importing PcxImagePlugin
19:55:41::DEBUG   :Importing PdfImagePlugin
19:55:41::DEBUG   :Importing PixarImagePlugin
19:55:41::DEBUG   :Importing PngImagePlugin
19:55:41::DEBUG   :Importing PpmImagePlugin
19:55:41::DEBUG   :Importing PsdImagePlugin
19:55:41::DEBUG   :Importing QoiImagePlugin
19:55:41::DEBUG   :Importing SgiImagePlugin
19:55:41::DEBUG   :Importing SpiderImagePlugin
19:55:41::DEBUG   :Importing SunImagePlugin
19:55:41::DEBUG   :Importing TgaImagePlugin
19:55:41::DEBUG   :Importing TiffImagePlugin
19:55:41::DEBUG   :Importing WebPImagePlugin
19:55:41::DEBUG   :Importing WmfImagePlugin
19:55:41::DEBUG   :Importing XbmImagePlugin
19:55:41::DEBUG   :Importing XpmImagePlugin
19:55:41::DEBUG   :Importing XVThumbImagePlugin
19:55:41::INFO    :Startup complete
19:55:41::DEBUG   :Initialized Schedule class
19:55:51::ERROR   :Task exception was never retrieved
future: <Task finished name='Task-5' coro=<open_settings() done, defined at c:\Users\user\Documents\GitHub\School_Notes\csengetes_visszaszamlalo\csengo3.py:231> exception=AttributeError("'str' object has no attribute 'tk'")>
Traceback (most recent call last):
  File "c:\Users\user\Documents\GitHub\School_Notes\csengetes_visszaszamlalo\csengo3.py", line 283, in open_settings
    tk.Label("Settings window").grid(row=0, column=0, columnspan=20)
    ~~~~~~~~^^^^^^^^^^^^^^^^^^^
  File "C:\Users\user\AppData\Local\Programs\Python\Python313\Lib\tkinter\__init__.py", line 3361, in __init__
    Widget.__init__(self, master, 'label', cnf, kw)
    ~~~~~~~~~~~~~~~^^^^^^^^^^^^^^^^^^^^^^^^^^^^^^^^
  File "C:\Users\user\AppData\Local\Programs\Python\Python313\Lib\tkinter\__init__.py", line 2766, in __init__
    self._setup(master, cnf)
    ~~~~~~~~~~~^^^^^^^^^^^^^
  File "C:\Users\user\AppData\Local\Programs\Python\Python313\Lib\tkinter\__init__.py", line 2735, in _setup
    self.tk = master.tk
              ^^^^^^^^^
AttributeError: 'str' object has no attribute 'tk'
19:57:47::INFO    :Application Starting up
19:57:47::DEBUG   :Using proactor: IocpProactor
19:57:47::DEBUG   :Importing AvifImagePlugin
19:57:47::DEBUG   :Importing BlpImagePlugin
19:57:47::DEBUG   :Importing BmpImagePlugin
19:57:47::DEBUG   :Importing BufrStubImagePlugin
19:57:47::DEBUG   :Importing CurImagePlugin
19:57:47::DEBUG   :Importing DcxImagePlugin
19:57:47::DEBUG   :Importing DdsImagePlugin
19:57:47::DEBUG   :Importing EpsImagePlugin
19:57:47::DEBUG   :Importing FitsImagePlugin
19:57:47::DEBUG   :Importing FliImagePlugin
19:57:47::DEBUG   :Importing FpxImagePlugin
19:57:47::DEBUG   :Image: failed to import FpxImagePlugin: No module named 'olefile'
19:57:47::DEBUG   :Importing FtexImagePlugin
19:57:47::DEBUG   :Importing GbrImagePlugin
19:57:47::DEBUG   :Importing GifImagePlugin
19:57:47::DEBUG   :Importing GribStubImagePlugin
19:57:47::DEBUG   :Importing Hdf5StubImagePlugin
19:57:47::DEBUG   :Importing IcnsImagePlugin
19:57:47::DEBUG   :Importing IcoImagePlugin
19:57:47::DEBUG   :Importing ImImagePlugin
19:57:47::DEBUG   :Importing ImtImagePlugin
19:57:47::DEBUG   :Importing IptcImagePlugin
19:57:47::DEBUG   :Importing JpegImagePlugin
19:57:47::DEBUG   :Importing Jpeg2KImagePlugin
19:57:47::DEBUG   :Importing McIdasImagePlugin
19:57:47::DEBUG   :Importing MicImagePlugin
19:57:47::DEBUG   :Image: failed to import MicImagePlugin: No module named 'olefile'
19:57:47::DEBUG   :Importing MpegImagePlugin
19:57:47::DEBUG   :Importing MpoImagePlugin
19:57:47::DEBUG   :Importing MspImagePlugin
19:57:47::DEBUG   :Importing PalmImagePlugin
19:57:47::DEBUG   :Importing PcdImagePlugin
19:57:47::DEBUG   :Importing PcxImagePlugin
19:57:47::DEBUG   :Importing PdfImagePlugin
19:57:47::DEBUG   :Importing PixarImagePlugin
19:57:47::DEBUG   :Importing PngImagePlugin
19:57:47::DEBUG   :Importing PpmImagePlugin
19:57:47::DEBUG   :Importing PsdImagePlugin
19:57:47::DEBUG   :Importing QoiImagePlugin
19:57:47::DEBUG   :Importing SgiImagePlugin
19:57:47::DEBUG   :Importing SpiderImagePlugin
19:57:47::DEBUG   :Importing SunImagePlugin
19:57:47::DEBUG   :Importing TgaImagePlugin
19:57:47::DEBUG   :Importing TiffImagePlugin
19:57:47::DEBUG   :Importing WebPImagePlugin
19:57:47::DEBUG   :Importing WmfImagePlugin
19:57:47::DEBUG   :Importing XbmImagePlugin
19:57:47::DEBUG   :Importing XpmImagePlugin
19:57:47::DEBUG   :Importing XVThumbImagePlugin
19:57:47::INFO    :Startup complete
19:57:47::DEBUG   :Initialized Schedule class
19:57:52::ERROR   :Task exception was never retrieved
future: <Task finished name='Task-5' coro=<open_settings() done, defined at c:\Users\user\Documents\GitHub\School_Notes\csengetes_visszaszamlalo\csengo3.py:231> exception=UnboundLocalError("cannot access local variable 'OpenClasslist' where it is not associated with a value")>
Traceback (most recent call last):
  File "c:\Users\user\Documents\GitHub\School_Notes\csengetes_visszaszamlalo\csengo3.py", line 237, in open_settings
    menu.add_command(label="Class List", command=OpenClasslist)
                                                 ^^^^^^^^^^^^^
UnboundLocalError: cannot access local variable 'OpenClasslist' where it is not associated with a value
19:58:55::INFO    :Application Starting up
19:58:55::DEBUG   :Using proactor: IocpProactor
19:58:55::DEBUG   :Importing AvifImagePlugin
19:58:55::DEBUG   :Importing BlpImagePlugin
19:58:55::DEBUG   :Importing BmpImagePlugin
19:58:55::DEBUG   :Importing BufrStubImagePlugin
19:58:55::DEBUG   :Importing CurImagePlugin
19:58:55::DEBUG   :Importing DcxImagePlugin
19:58:55::DEBUG   :Importing DdsImagePlugin
19:58:55::DEBUG   :Importing EpsImagePlugin
19:58:55::DEBUG   :Importing FitsImagePlugin
19:58:55::DEBUG   :Importing FliImagePlugin
19:58:55::DEBUG   :Importing FpxImagePlugin
19:58:55::DEBUG   :Image: failed to import FpxImagePlugin: No module named 'olefile'
19:58:55::DEBUG   :Importing FtexImagePlugin
19:58:55::DEBUG   :Importing GbrImagePlugin
19:58:55::DEBUG   :Importing GifImagePlugin
19:58:55::DEBUG   :Importing GribStubImagePlugin
19:58:55::DEBUG   :Importing Hdf5StubImagePlugin
19:58:55::DEBUG   :Importing IcnsImagePlugin
19:58:55::DEBUG   :Importing IcoImagePlugin
19:58:55::DEBUG   :Importing ImImagePlugin
19:58:55::DEBUG   :Importing ImtImagePlugin
19:58:55::DEBUG   :Importing IptcImagePlugin
19:58:55::DEBUG   :Importing JpegImagePlugin
19:58:55::DEBUG   :Importing Jpeg2KImagePlugin
19:58:55::DEBUG   :Importing McIdasImagePlugin
19:58:55::DEBUG   :Importing MicImagePlugin
19:58:55::DEBUG   :Image: failed to import MicImagePlugin: No module named 'olefile'
19:58:55::DEBUG   :Importing MpegImagePlugin
19:58:55::DEBUG   :Importing MpoImagePlugin
19:58:55::DEBUG   :Importing MspImagePlugin
19:58:55::DEBUG   :Importing PalmImagePlugin
19:58:55::DEBUG   :Importing PcdImagePlugin
19:58:55::DEBUG   :Importing PcxImagePlugin
19:58:55::DEBUG   :Importing PdfImagePlugin
19:58:55::DEBUG   :Importing PixarImagePlugin
19:58:55::DEBUG   :Importing PngImagePlugin
19:58:55::DEBUG   :Importing PpmImagePlugin
19:58:55::DEBUG   :Importing PsdImagePlugin
19:58:55::DEBUG   :Importing QoiImagePlugin
19:58:55::DEBUG   :Importing SgiImagePlugin
19:58:55::DEBUG   :Importing SpiderImagePlugin
19:58:55::DEBUG   :Importing SunImagePlugin
19:58:55::DEBUG   :Importing TgaImagePlugin
19:58:55::DEBUG   :Importing TiffImagePlugin
19:58:55::DEBUG   :Importing WebPImagePlugin
19:58:55::DEBUG   :Importing WmfImagePlugin
19:58:55::DEBUG   :Importing XbmImagePlugin
19:58:55::DEBUG   :Importing XpmImagePlugin
19:58:55::DEBUG   :Importing XVThumbImagePlugin
19:58:55::INFO    :Startup complete
19:58:55::DEBUG   :Initialized Schedule class
19:58:59::ERROR   :Task exception was never retrieved
future: <Task finished name='Task-5' coro=<open_settings() done, defined at c:\Users\user\Documents\GitHub\School_Notes\csengetes_visszaszamlalo\csengo3.py:231> exception=AttributeError("'str' object has no attribute 'tk'")>
Traceback (most recent call last):
  File "c:\Users\user\Documents\GitHub\School_Notes\csengetes_visszaszamlalo\csengo3.py", line 288, in open_settings
    tk.Label("Settings window").grid(row=0, column=0, columnspan=20)
    ~~~~~~~~^^^^^^^^^^^^^^^^^^^
  File "C:\Users\user\AppData\Local\Programs\Python\Python313\Lib\tkinter\__init__.py", line 3361, in __init__
    Widget.__init__(self, master, 'label', cnf, kw)
    ~~~~~~~~~~~~~~~^^^^^^^^^^^^^^^^^^^^^^^^^^^^^^^^
  File "C:\Users\user\AppData\Local\Programs\Python\Python313\Lib\tkinter\__init__.py", line 2766, in __init__
    self._setup(master, cnf)
    ~~~~~~~~~~~^^^^^^^^^^^^^
  File "C:\Users\user\AppData\Local\Programs\Python\Python313\Lib\tkinter\__init__.py", line 2735, in _setup
    self.tk = master.tk
              ^^^^^^^^^
AttributeError: 'str' object has no attribute 'tk'
19:59:13::INFO    :Application Starting up
19:59:13::DEBUG   :Using proactor: IocpProactor
19:59:13::DEBUG   :Importing AvifImagePlugin
19:59:13::DEBUG   :Importing BlpImagePlugin
19:59:13::DEBUG   :Importing BmpImagePlugin
19:59:13::DEBUG   :Importing BufrStubImagePlugin
19:59:13::DEBUG   :Importing CurImagePlugin
19:59:13::DEBUG   :Importing DcxImagePlugin
19:59:13::DEBUG   :Importing DdsImagePlugin
19:59:13::DEBUG   :Importing EpsImagePlugin
19:59:13::DEBUG   :Importing FitsImagePlugin
19:59:13::DEBUG   :Importing FliImagePlugin
19:59:13::DEBUG   :Importing FpxImagePlugin
19:59:13::DEBUG   :Image: failed to import FpxImagePlugin: No module named 'olefile'
19:59:13::DEBUG   :Importing FtexImagePlugin
19:59:13::DEBUG   :Importing GbrImagePlugin
19:59:13::DEBUG   :Importing GifImagePlugin
19:59:13::DEBUG   :Importing GribStubImagePlugin
19:59:13::DEBUG   :Importing Hdf5StubImagePlugin
19:59:13::DEBUG   :Importing IcnsImagePlugin
19:59:13::DEBUG   :Importing IcoImagePlugin
19:59:13::DEBUG   :Importing ImImagePlugin
19:59:13::DEBUG   :Importing ImtImagePlugin
19:59:13::DEBUG   :Importing IptcImagePlugin
19:59:13::DEBUG   :Importing JpegImagePlugin
19:59:13::DEBUG   :Importing Jpeg2KImagePlugin
19:59:13::DEBUG   :Importing McIdasImagePlugin
19:59:13::DEBUG   :Importing MicImagePlugin
19:59:13::DEBUG   :Image: failed to import MicImagePlugin: No module named 'olefile'
19:59:13::DEBUG   :Importing MpegImagePlugin
19:59:13::DEBUG   :Importing MpoImagePlugin
19:59:13::DEBUG   :Importing MspImagePlugin
19:59:13::DEBUG   :Importing PalmImagePlugin
19:59:13::DEBUG   :Importing PcdImagePlugin
19:59:13::DEBUG   :Importing PcxImagePlugin
19:59:13::DEBUG   :Importing PdfImagePlugin
19:59:13::DEBUG   :Importing PixarImagePlugin
19:59:13::DEBUG   :Importing PngImagePlugin
19:59:13::DEBUG   :Importing PpmImagePlugin
19:59:13::DEBUG   :Importing PsdImagePlugin
19:59:13::DEBUG   :Importing QoiImagePlugin
19:59:13::DEBUG   :Importing SgiImagePlugin
19:59:13::DEBUG   :Importing SpiderImagePlugin
19:59:13::DEBUG   :Importing SunImagePlugin
19:59:13::DEBUG   :Importing TgaImagePlugin
19:59:13::DEBUG   :Importing TiffImagePlugin
19:59:13::DEBUG   :Importing WebPImagePlugin
19:59:13::DEBUG   :Importing WmfImagePlugin
19:59:13::DEBUG   :Importing XbmImagePlugin
19:59:13::DEBUG   :Importing XpmImagePlugin
19:59:13::DEBUG   :Importing XVThumbImagePlugin
19:59:13::INFO    :Startup complete
19:59:13::DEBUG   :Initialized Schedule class
19:59:15::ERROR   :Task exception was never retrieved
future: <Task finished name='Task-5' coro=<open_settings() done, defined at c:\Users\user\Documents\GitHub\School_Notes\csengetes_visszaszamlalo\csengo3.py:231> exception=AttributeError("'str' object has no attribute 'tk'")>
Traceback (most recent call last):
  File "c:\Users\user\Documents\GitHub\School_Notes\csengetes_visszaszamlalo\csengo3.py", line 288, in open_settings
    tk.Label("Settings window").grid(row=0, column=0, columnspan=20)
    ~~~~~~~~^^^^^^^^^^^^^^^^^^^
  File "C:\Users\user\AppData\Local\Programs\Python\Python313\Lib\tkinter\__init__.py", line 3361, in __init__
    Widget.__init__(self, master, 'label', cnf, kw)
    ~~~~~~~~~~~~~~~^^^^^^^^^^^^^^^^^^^^^^^^^^^^^^^^
  File "C:\Users\user\AppData\Local\Programs\Python\Python313\Lib\tkinter\__init__.py", line 2766, in __init__
    self._setup(master, cnf)
    ~~~~~~~~~~~^^^^^^^^^^^^^
  File "C:\Users\user\AppData\Local\Programs\Python\Python313\Lib\tkinter\__init__.py", line 2735, in _setup
    self.tk = master.tk
              ^^^^^^^^^
AttributeError: 'str' object has no attribute 'tk'
19:59:51::INFO    :Application Starting up
19:59:51::DEBUG   :Using proactor: IocpProactor
19:59:51::DEBUG   :Importing AvifImagePlugin
19:59:51::DEBUG   :Importing BlpImagePlugin
19:59:51::DEBUG   :Importing BmpImagePlugin
19:59:51::DEBUG   :Importing BufrStubImagePlugin
19:59:51::DEBUG   :Importing CurImagePlugin
19:59:51::DEBUG   :Importing DcxImagePlugin
19:59:51::DEBUG   :Importing DdsImagePlugin
19:59:51::DEBUG   :Importing EpsImagePlugin
19:59:51::DEBUG   :Importing FitsImagePlugin
19:59:51::DEBUG   :Importing FliImagePlugin
19:59:51::DEBUG   :Importing FpxImagePlugin
19:59:51::DEBUG   :Image: failed to import FpxImagePlugin: No module named 'olefile'
19:59:51::DEBUG   :Importing FtexImagePlugin
19:59:51::DEBUG   :Importing GbrImagePlugin
19:59:51::DEBUG   :Importing GifImagePlugin
19:59:51::DEBUG   :Importing GribStubImagePlugin
19:59:51::DEBUG   :Importing Hdf5StubImagePlugin
19:59:51::DEBUG   :Importing IcnsImagePlugin
19:59:51::DEBUG   :Importing IcoImagePlugin
19:59:51::DEBUG   :Importing ImImagePlugin
19:59:51::DEBUG   :Importing ImtImagePlugin
19:59:51::DEBUG   :Importing IptcImagePlugin
19:59:51::DEBUG   :Importing JpegImagePlugin
19:59:51::DEBUG   :Importing Jpeg2KImagePlugin
19:59:51::DEBUG   :Importing McIdasImagePlugin
19:59:51::DEBUG   :Importing MicImagePlugin
19:59:51::DEBUG   :Image: failed to import MicImagePlugin: No module named 'olefile'
19:59:51::DEBUG   :Importing MpegImagePlugin
19:59:51::DEBUG   :Importing MpoImagePlugin
19:59:51::DEBUG   :Importing MspImagePlugin
19:59:51::DEBUG   :Importing PalmImagePlugin
19:59:51::DEBUG   :Importing PcdImagePlugin
19:59:51::DEBUG   :Importing PcxImagePlugin
19:59:51::DEBUG   :Importing PdfImagePlugin
19:59:51::DEBUG   :Importing PixarImagePlugin
19:59:51::DEBUG   :Importing PngImagePlugin
19:59:51::DEBUG   :Importing PpmImagePlugin
19:59:51::DEBUG   :Importing PsdImagePlugin
19:59:51::DEBUG   :Importing QoiImagePlugin
19:59:51::DEBUG   :Importing SgiImagePlugin
19:59:51::DEBUG   :Importing SpiderImagePlugin
19:59:51::DEBUG   :Importing SunImagePlugin
19:59:51::DEBUG   :Importing TgaImagePlugin
19:59:51::DEBUG   :Importing TiffImagePlugin
19:59:51::DEBUG   :Importing WebPImagePlugin
19:59:51::DEBUG   :Importing WmfImagePlugin
19:59:51::DEBUG   :Importing XbmImagePlugin
19:59:51::DEBUG   :Importing XpmImagePlugin
19:59:51::DEBUG   :Importing XVThumbImagePlugin
19:59:51::INFO    :Startup complete
19:59:51::DEBUG   :Initialized Schedule class
20:00:01::ERROR   :Task exception was never retrieved
future: <Task finished name='Task-5' coro=<open_settings() done, defined at c:\Users\user\Documents\GitHub\School_Notes\csengetes_visszaszamlalo\csengo3.py:231> exception=AttributeError("'str' object has no attribute 'tk'")>
Traceback (most recent call last):
  File "c:\Users\user\Documents\GitHub\School_Notes\csengetes_visszaszamlalo\csengo3.py", line 288, in open_settings
    tk.Label("Settings window").grid(row=0, column=0, columnspan=20)
    ~~~~~~~~^^^^^^^^^^^^^^^^^^^
  File "C:\Users\user\AppData\Local\Programs\Python\Python313\Lib\tkinter\__init__.py", line 3361, in __init__
    Widget.__init__(self, master, 'label', cnf, kw)
    ~~~~~~~~~~~~~~~^^^^^^^^^^^^^^^^^^^^^^^^^^^^^^^^
  File "C:\Users\user\AppData\Local\Programs\Python\Python313\Lib\tkinter\__init__.py", line 2766, in __init__
    self._setup(master, cnf)
    ~~~~~~~~~~~^^^^^^^^^^^^^
  File "C:\Users\user\AppData\Local\Programs\Python\Python313\Lib\tkinter\__init__.py", line 2735, in _setup
    self.tk = master.tk
              ^^^^^^^^^
AttributeError: 'str' object has no attribute 'tk'
20:01:34::INFO    :Application Starting up
20:01:34::DEBUG   :Using proactor: IocpProactor
20:01:34::DEBUG   :Importing AvifImagePlugin
20:01:34::DEBUG   :Importing BlpImagePlugin
20:01:34::DEBUG   :Importing BmpImagePlugin
20:01:34::DEBUG   :Importing BufrStubImagePlugin
20:01:34::DEBUG   :Importing CurImagePlugin
20:01:34::DEBUG   :Importing DcxImagePlugin
20:01:34::DEBUG   :Importing DdsImagePlugin
20:01:34::DEBUG   :Importing EpsImagePlugin
20:01:34::DEBUG   :Importing FitsImagePlugin
20:01:34::DEBUG   :Importing FliImagePlugin
20:01:34::DEBUG   :Importing FpxImagePlugin
20:01:34::DEBUG   :Image: failed to import FpxImagePlugin: No module named 'olefile'
20:01:34::DEBUG   :Importing FtexImagePlugin
20:01:34::DEBUG   :Importing GbrImagePlugin
20:01:34::DEBUG   :Importing GifImagePlugin
20:01:34::DEBUG   :Importing GribStubImagePlugin
20:01:34::DEBUG   :Importing Hdf5StubImagePlugin
20:01:34::DEBUG   :Importing IcnsImagePlugin
20:01:34::DEBUG   :Importing IcoImagePlugin
20:01:34::DEBUG   :Importing ImImagePlugin
20:01:34::DEBUG   :Importing ImtImagePlugin
20:01:34::DEBUG   :Importing IptcImagePlugin
20:01:34::DEBUG   :Importing JpegImagePlugin
20:01:34::DEBUG   :Importing Jpeg2KImagePlugin
20:01:34::DEBUG   :Importing McIdasImagePlugin
20:01:34::DEBUG   :Importing MicImagePlugin
20:01:34::DEBUG   :Image: failed to import MicImagePlugin: No module named 'olefile'
20:01:34::DEBUG   :Importing MpegImagePlugin
20:01:34::DEBUG   :Importing MpoImagePlugin
20:01:34::DEBUG   :Importing MspImagePlugin
20:01:34::DEBUG   :Importing PalmImagePlugin
20:01:34::DEBUG   :Importing PcdImagePlugin
20:01:34::DEBUG   :Importing PcxImagePlugin
20:01:34::DEBUG   :Importing PdfImagePlugin
20:01:34::DEBUG   :Importing PixarImagePlugin
20:01:35::DEBUG   :Importing PngImagePlugin
20:01:35::DEBUG   :Importing PpmImagePlugin
20:01:35::DEBUG   :Importing PsdImagePlugin
20:01:35::DEBUG   :Importing QoiImagePlugin
20:01:35::DEBUG   :Importing SgiImagePlugin
20:01:35::DEBUG   :Importing SpiderImagePlugin
20:01:35::DEBUG   :Importing SunImagePlugin
20:01:35::DEBUG   :Importing TgaImagePlugin
20:01:35::DEBUG   :Importing TiffImagePlugin
20:01:35::DEBUG   :Importing WebPImagePlugin
20:01:35::DEBUG   :Importing WmfImagePlugin
20:01:35::DEBUG   :Importing XbmImagePlugin
20:01:35::DEBUG   :Importing XpmImagePlugin
20:01:35::DEBUG   :Importing XVThumbImagePlugin
20:01:35::INFO    :Startup complete
20:01:35::DEBUG   :Initialized Schedule class
20:16:09::INFO    :Application Starting up
20:16:09::DEBUG   :Using proactor: IocpProactor
20:16:09::DEBUG   :Importing AvifImagePlugin
20:16:09::DEBUG   :Importing BlpImagePlugin
20:16:09::DEBUG   :Importing BmpImagePlugin
20:16:09::DEBUG   :Importing BufrStubImagePlugin
20:16:09::DEBUG   :Importing CurImagePlugin
20:16:09::DEBUG   :Importing DcxImagePlugin
20:16:09::DEBUG   :Importing DdsImagePlugin
20:16:09::DEBUG   :Importing EpsImagePlugin
20:16:09::DEBUG   :Importing FitsImagePlugin
20:16:09::DEBUG   :Importing FliImagePlugin
20:16:09::DEBUG   :Importing FpxImagePlugin
20:16:09::DEBUG   :Image: failed to import FpxImagePlugin: No module named 'olefile'
20:16:09::DEBUG   :Importing FtexImagePlugin
20:16:09::DEBUG   :Importing GbrImagePlugin
20:16:09::DEBUG   :Importing GifImagePlugin
20:16:09::DEBUG   :Importing GribStubImagePlugin
20:16:09::DEBUG   :Importing Hdf5StubImagePlugin
20:16:09::DEBUG   :Importing IcnsImagePlugin
20:16:09::DEBUG   :Importing IcoImagePlugin
20:16:09::DEBUG   :Importing ImImagePlugin
20:16:09::DEBUG   :Importing ImtImagePlugin
20:16:09::DEBUG   :Importing IptcImagePlugin
20:16:09::DEBUG   :Importing JpegImagePlugin
20:16:09::DEBUG   :Importing Jpeg2KImagePlugin
20:16:09::DEBUG   :Importing McIdasImagePlugin
20:16:09::DEBUG   :Importing MicImagePlugin
20:16:09::DEBUG   :Image: failed to import MicImagePlugin: No module named 'olefile'
20:16:09::DEBUG   :Importing MpegImagePlugin
20:16:09::DEBUG   :Importing MpoImagePlugin
20:16:09::DEBUG   :Importing MspImagePlugin
20:16:09::DEBUG   :Importing PalmImagePlugin
20:16:09::DEBUG   :Importing PcdImagePlugin
20:16:09::DEBUG   :Importing PcxImagePlugin
20:16:09::DEBUG   :Importing PdfImagePlugin
20:16:09::DEBUG   :Importing PixarImagePlugin
20:16:09::DEBUG   :Importing PngImagePlugin
20:16:09::DEBUG   :Importing PpmImagePlugin
20:16:09::DEBUG   :Importing PsdImagePlugin
20:16:09::DEBUG   :Importing QoiImagePlugin
20:16:09::DEBUG   :Importing SgiImagePlugin
20:16:09::DEBUG   :Importing SpiderImagePlugin
20:16:09::DEBUG   :Importing SunImagePlugin
20:16:09::DEBUG   :Importing TgaImagePlugin
20:16:09::DEBUG   :Importing TiffImagePlugin
20:16:09::DEBUG   :Importing WebPImagePlugin
20:16:09::DEBUG   :Importing WmfImagePlugin
20:16:09::DEBUG   :Importing XbmImagePlugin
20:16:09::DEBUG   :Importing XpmImagePlugin
20:16:09::DEBUG   :Importing XVThumbImagePlugin
20:16:09::INFO    :Startup complete
20:16:09::DEBUG   :Initialized Schedule class
20:16:27::INFO    :Application Starting up
20:16:27::DEBUG   :Using proactor: IocpProactor
20:16:27::DEBUG   :Importing AvifImagePlugin
20:16:27::DEBUG   :Importing BlpImagePlugin
20:16:27::DEBUG   :Importing BmpImagePlugin
20:16:27::DEBUG   :Importing BufrStubImagePlugin
20:16:27::DEBUG   :Importing CurImagePlugin
20:16:27::DEBUG   :Importing DcxImagePlugin
20:16:27::DEBUG   :Importing DdsImagePlugin
20:16:27::DEBUG   :Importing EpsImagePlugin
20:16:27::DEBUG   :Importing FitsImagePlugin
20:16:27::DEBUG   :Importing FliImagePlugin
20:16:27::DEBUG   :Importing FpxImagePlugin
20:16:27::DEBUG   :Image: failed to import FpxImagePlugin: No module named 'olefile'
20:16:27::DEBUG   :Importing FtexImagePlugin
20:16:27::DEBUG   :Importing GbrImagePlugin
20:16:27::DEBUG   :Importing GifImagePlugin
20:16:27::DEBUG   :Importing GribStubImagePlugin
20:16:27::DEBUG   :Importing Hdf5StubImagePlugin
20:16:27::DEBUG   :Importing IcnsImagePlugin
20:16:27::DEBUG   :Importing IcoImagePlugin
20:16:27::DEBUG   :Importing ImImagePlugin
20:16:27::DEBUG   :Importing ImtImagePlugin
20:16:27::DEBUG   :Importing IptcImagePlugin
20:16:27::DEBUG   :Importing JpegImagePlugin
20:16:27::DEBUG   :Importing Jpeg2KImagePlugin
20:16:27::DEBUG   :Importing McIdasImagePlugin
20:16:27::DEBUG   :Importing MicImagePlugin
20:16:27::DEBUG   :Image: failed to import MicImagePlugin: No module named 'olefile'
20:16:27::DEBUG   :Importing MpegImagePlugin
20:16:27::DEBUG   :Importing MpoImagePlugin
20:16:27::DEBUG   :Importing MspImagePlugin
20:16:27::DEBUG   :Importing PalmImagePlugin
20:16:27::DEBUG   :Importing PcdImagePlugin
20:16:27::DEBUG   :Importing PcxImagePlugin
20:16:27::DEBUG   :Importing PdfImagePlugin
20:16:27::DEBUG   :Importing PixarImagePlugin
20:16:27::DEBUG   :Importing PngImagePlugin
20:16:27::DEBUG   :Importing PpmImagePlugin
20:16:27::DEBUG   :Importing PsdImagePlugin
20:16:27::DEBUG   :Importing QoiImagePlugin
20:16:27::DEBUG   :Importing SgiImagePlugin
20:16:27::DEBUG   :Importing SpiderImagePlugin
20:16:27::DEBUG   :Importing SunImagePlugin
20:16:27::DEBUG   :Importing TgaImagePlugin
20:16:27::DEBUG   :Importing TiffImagePlugin
20:16:27::DEBUG   :Importing WebPImagePlugin
20:16:27::DEBUG   :Importing WmfImagePlugin
20:16:27::DEBUG   :Importing XbmImagePlugin
20:16:27::DEBUG   :Importing XpmImagePlugin
20:16:27::DEBUG   :Importing XVThumbImagePlugin
20:16:27::INFO    :Startup complete
20:16:27::DEBUG   :Initialized Schedule class
20:16:54::INFO    :Application Starting up
20:16:54::DEBUG   :Using proactor: IocpProactor
20:16:54::DEBUG   :Importing AvifImagePlugin
20:16:54::DEBUG   :Importing BlpImagePlugin
20:16:54::DEBUG   :Importing BmpImagePlugin
20:16:54::DEBUG   :Importing BufrStubImagePlugin
20:16:54::DEBUG   :Importing CurImagePlugin
20:16:54::DEBUG   :Importing DcxImagePlugin
20:16:54::DEBUG   :Importing DdsImagePlugin
20:16:54::DEBUG   :Importing EpsImagePlugin
20:16:54::DEBUG   :Importing FitsImagePlugin
20:16:54::DEBUG   :Importing FliImagePlugin
20:16:54::DEBUG   :Importing FpxImagePlugin
20:16:54::DEBUG   :Image: failed to import FpxImagePlugin: No module named 'olefile'
20:16:54::DEBUG   :Importing FtexImagePlugin
20:16:54::DEBUG   :Importing GbrImagePlugin
20:16:54::DEBUG   :Importing GifImagePlugin
20:16:54::DEBUG   :Importing GribStubImagePlugin
20:16:54::DEBUG   :Importing Hdf5StubImagePlugin
20:16:54::DEBUG   :Importing IcnsImagePlugin
20:16:54::DEBUG   :Importing IcoImagePlugin
20:16:54::DEBUG   :Importing ImImagePlugin
20:16:54::DEBUG   :Importing ImtImagePlugin
20:16:54::DEBUG   :Importing IptcImagePlugin
20:16:54::DEBUG   :Importing JpegImagePlugin
20:16:54::DEBUG   :Importing Jpeg2KImagePlugin
20:16:54::DEBUG   :Importing McIdasImagePlugin
20:16:54::DEBUG   :Importing MicImagePlugin
20:16:54::DEBUG   :Image: failed to import MicImagePlugin: No module named 'olefile'
20:16:54::DEBUG   :Importing MpegImagePlugin
20:16:54::DEBUG   :Importing MpoImagePlugin
20:16:54::DEBUG   :Importing MspImagePlugin
20:16:54::DEBUG   :Importing PalmImagePlugin
20:16:54::DEBUG   :Importing PcdImagePlugin
20:16:54::DEBUG   :Importing PcxImagePlugin
20:16:54::DEBUG   :Importing PdfImagePlugin
20:16:54::DEBUG   :Importing PixarImagePlugin
20:16:54::DEBUG   :Importing PngImagePlugin
20:16:54::DEBUG   :Importing PpmImagePlugin
20:16:54::DEBUG   :Importing PsdImagePlugin
20:16:54::DEBUG   :Importing QoiImagePlugin
20:16:54::DEBUG   :Importing SgiImagePlugin
20:16:54::DEBUG   :Importing SpiderImagePlugin
20:16:54::DEBUG   :Importing SunImagePlugin
20:16:54::DEBUG   :Importing TgaImagePlugin
20:16:54::DEBUG   :Importing TiffImagePlugin
20:16:54::DEBUG   :Importing WebPImagePlugin
20:16:54::DEBUG   :Importing WmfImagePlugin
20:16:54::DEBUG   :Importing XbmImagePlugin
20:16:54::DEBUG   :Importing XpmImagePlugin
20:16:54::DEBUG   :Importing XVThumbImagePlugin
20:16:54::INFO    :Startup complete
20:16:54::DEBUG   :Initialized Schedule class
20:18:10::INFO    :Application Starting up
20:18:10::DEBUG   :Using proactor: IocpProactor
20:18:10::DEBUG   :Importing AvifImagePlugin
20:18:10::DEBUG   :Importing BlpImagePlugin
20:18:10::DEBUG   :Importing BmpImagePlugin
20:18:10::DEBUG   :Importing BufrStubImagePlugin
20:18:10::DEBUG   :Importing CurImagePlugin
20:18:10::DEBUG   :Importing DcxImagePlugin
20:18:10::DEBUG   :Importing DdsImagePlugin
20:18:10::DEBUG   :Importing EpsImagePlugin
20:18:10::DEBUG   :Importing FitsImagePlugin
20:18:10::DEBUG   :Importing FliImagePlugin
20:18:10::DEBUG   :Importing FpxImagePlugin
20:18:10::DEBUG   :Image: failed to import FpxImagePlugin: No module named 'olefile'
20:18:10::DEBUG   :Importing FtexImagePlugin
20:18:10::DEBUG   :Importing GbrImagePlugin
20:18:10::DEBUG   :Importing GifImagePlugin
20:18:10::DEBUG   :Importing GribStubImagePlugin
20:18:10::DEBUG   :Importing Hdf5StubImagePlugin
20:18:10::DEBUG   :Importing IcnsImagePlugin
20:18:10::DEBUG   :Importing IcoImagePlugin
20:18:10::DEBUG   :Importing ImImagePlugin
20:18:10::DEBUG   :Importing ImtImagePlugin
20:18:10::DEBUG   :Importing IptcImagePlugin
20:18:10::DEBUG   :Importing JpegImagePlugin
20:18:10::DEBUG   :Importing Jpeg2KImagePlugin
20:18:10::DEBUG   :Importing McIdasImagePlugin
20:18:10::DEBUG   :Importing MicImagePlugin
20:18:10::DEBUG   :Image: failed to import MicImagePlugin: No module named 'olefile'
20:18:10::DEBUG   :Importing MpegImagePlugin
20:18:10::DEBUG   :Importing MpoImagePlugin
20:18:10::DEBUG   :Importing MspImagePlugin
20:18:10::DEBUG   :Importing PalmImagePlugin
20:18:10::DEBUG   :Importing PcdImagePlugin
20:18:10::DEBUG   :Importing PcxImagePlugin
20:18:10::DEBUG   :Importing PdfImagePlugin
20:18:10::DEBUG   :Importing PixarImagePlugin
20:18:10::DEBUG   :Importing PngImagePlugin
20:18:10::DEBUG   :Importing PpmImagePlugin
20:18:10::DEBUG   :Importing PsdImagePlugin
20:18:10::DEBUG   :Importing QoiImagePlugin
20:18:10::DEBUG   :Importing SgiImagePlugin
20:18:10::DEBUG   :Importing SpiderImagePlugin
20:18:10::DEBUG   :Importing SunImagePlugin
20:18:10::DEBUG   :Importing TgaImagePlugin
20:18:10::DEBUG   :Importing TiffImagePlugin
20:18:10::DEBUG   :Importing WebPImagePlugin
20:18:10::DEBUG   :Importing WmfImagePlugin
20:18:10::DEBUG   :Importing XbmImagePlugin
20:18:10::DEBUG   :Importing XpmImagePlugin
20:18:10::DEBUG   :Importing XVThumbImagePlugin
20:18:10::INFO    :Startup complete
20:18:10::DEBUG   :Initialized Schedule class
20:20:31::INFO    :Application Starting up
20:20:31::DEBUG   :Using proactor: IocpProactor
20:20:31::DEBUG   :Importing AvifImagePlugin
20:20:31::DEBUG   :Importing BlpImagePlugin
20:20:31::DEBUG   :Importing BmpImagePlugin
20:20:31::DEBUG   :Importing BufrStubImagePlugin
20:20:31::DEBUG   :Importing CurImagePlugin
20:20:31::DEBUG   :Importing DcxImagePlugin
20:20:31::DEBUG   :Importing DdsImagePlugin
20:20:31::DEBUG   :Importing EpsImagePlugin
20:20:31::DEBUG   :Importing FitsImagePlugin
20:20:31::DEBUG   :Importing FliImagePlugin
20:20:31::DEBUG   :Importing FpxImagePlugin
20:20:31::DEBUG   :Image: failed to import FpxImagePlugin: No module named 'olefile'
20:20:31::DEBUG   :Importing FtexImagePlugin
20:20:31::DEBUG   :Importing GbrImagePlugin
20:20:31::DEBUG   :Importing GifImagePlugin
20:20:31::DEBUG   :Importing GribStubImagePlugin
20:20:31::DEBUG   :Importing Hdf5StubImagePlugin
20:20:31::DEBUG   :Importing IcnsImagePlugin
20:20:31::DEBUG   :Importing IcoImagePlugin
20:20:31::DEBUG   :Importing ImImagePlugin
20:20:31::DEBUG   :Importing ImtImagePlugin
20:20:31::DEBUG   :Importing IptcImagePlugin
20:20:31::DEBUG   :Importing JpegImagePlugin
20:20:31::DEBUG   :Importing Jpeg2KImagePlugin
20:20:31::DEBUG   :Importing McIdasImagePlugin
20:20:31::DEBUG   :Importing MicImagePlugin
20:20:31::DEBUG   :Image: failed to import MicImagePlugin: No module named 'olefile'
20:20:31::DEBUG   :Importing MpegImagePlugin
20:20:31::DEBUG   :Importing MpoImagePlugin
20:20:31::DEBUG   :Importing MspImagePlugin
20:20:31::DEBUG   :Importing PalmImagePlugin
20:20:31::DEBUG   :Importing PcdImagePlugin
20:20:31::DEBUG   :Importing PcxImagePlugin
20:20:31::DEBUG   :Importing PdfImagePlugin
20:20:31::DEBUG   :Importing PixarImagePlugin
20:20:31::DEBUG   :Importing PngImagePlugin
20:20:31::DEBUG   :Importing PpmImagePlugin
20:20:31::DEBUG   :Importing PsdImagePlugin
20:20:31::DEBUG   :Importing QoiImagePlugin
20:20:31::DEBUG   :Importing SgiImagePlugin
20:20:31::DEBUG   :Importing SpiderImagePlugin
20:20:31::DEBUG   :Importing SunImagePlugin
20:20:31::DEBUG   :Importing TgaImagePlugin
20:20:31::DEBUG   :Importing TiffImagePlugin
20:20:31::DEBUG   :Importing WebPImagePlugin
20:20:31::DEBUG   :Importing WmfImagePlugin
20:20:31::DEBUG   :Importing XbmImagePlugin
20:20:31::DEBUG   :Importing XpmImagePlugin
20:20:31::DEBUG   :Importing XVThumbImagePlugin
20:20:31::INFO    :Startup complete
20:20:31::DEBUG   :Initialized Schedule class
20:23:46::ERROR   :Task exception was never retrieved
future: <Task finished name='Task-6' coro=<open_settings() done, defined at c:\Users\user\Documents\GitHub\School_Notes\csengetes_visszaszamlalo\csengo3.py:231> exception=TclError('bad window path name ".!toplevel"')>
Traceback (most recent call last):
  File "c:\Users\user\Documents\GitHub\School_Notes\csengetes_visszaszamlalo\csengo3.py", line 276, in open_settings
    menu = tk.Menu(_settings)
  File "C:\Users\user\AppData\Local\Programs\Python\Python313\Lib\tkinter\__init__.py", line 3490, in __init__
    Widget.__init__(self, master, 'menu', cnf, kw)
    ~~~~~~~~~~~~~~~^^^^^^^^^^^^^^^^^^^^^^^^^^^^^^^
  File "C:\Users\user\AppData\Local\Programs\Python\Python313\Lib\tkinter\__init__.py", line 2772, in __init__
    self.tk.call(
    ~~~~~~~~~~~~^
        (widgetName, self._w) + extra + self._options(cnf))
        ^^^^^^^^^^^^^^^^^^^^^^^^^^^^^^^^^^^^^^^^^^^^^^^^^^^
_tkinter.TclError: bad window path name ".!toplevel"
