21:17:14::INFO    :Application Starting up
21:17:15::DEBUG   :Using proactor: IocpProactor
21:17:15::DEBUG   :Importing AvifImagePlugin
21:17:15::DEBUG   :Importing BlpImagePlugin
21:17:15::DEBUG   :Importing BmpImagePlugin
21:17:15::DEBUG   :Importing BufrStubImagePlugin
21:17:15::DEBUG   :Importing CurImagePlugin
21:17:15::DEBUG   :Importing DcxImagePlugin
21:17:15::DEBUG   :Importing DdsImagePlugin
21:17:15::DEBUG   :Importing EpsImagePlugin
21:17:15::DEBUG   :Importing FitsImagePlugin
21:17:15::DEBUG   :Importing FliImagePlugin
21:17:15::DEBUG   :Importing FpxImagePlugin
21:17:15::DEBUG   :Image: failed to import FpxImagePlugin: No module named 'olefile'
21:17:15::DEBUG   :Importing FtexImagePlugin
21:17:15::DEBUG   :Importing GbrImagePlugin
21:17:15::DEBUG   :Importing GifImagePlugin
21:17:15::DEBUG   :Importing GribStubImagePlugin
21:17:15::DEBUG   :Importing Hdf5StubImagePlugin
21:17:15::DEBUG   :Importing IcnsImagePlugin
21:17:15::DEBUG   :Importing IcoImagePlugin
21:17:15::DEBUG   :Importing ImImagePlugin
21:17:15::DEBUG   :Importing ImtImagePlugin
21:17:15::DEBUG   :Importing IptcImagePlugin
21:17:15::DEBUG   :Importing JpegImagePlugin
21:17:15::DEBUG   :Importing Jpeg2KImagePlugin
21:17:15::DEBUG   :Importing McIdasImagePlugin
21:17:15::DEBUG   :Importing MicImagePlugin
21:17:15::DEBUG   :Image: failed to import MicImagePlugin: No module named 'olefile'
21:17:15::DEBUG   :Importing MpegImagePlugin
21:17:15::DEBUG   :Importing MpoImagePlugin
21:17:15::DEBUG   :Importing MspImagePlugin
21:17:15::DEBUG   :Importing PalmImagePlugin
21:17:15::DEBUG   :Importing PcdImagePlugin
21:17:15::DEBUG   :Importing PcxImagePlugin
21:17:15::DEBUG   :Importing PdfImagePlugin
21:17:15::DEBUG   :Importing PixarImagePlugin
21:17:15::DEBUG   :Importing PngImagePlugin
21:17:15::DEBUG   :Importing PpmImagePlugin
21:17:15::DEBUG   :Importing PsdImagePlugin
21:17:15::DEBUG   :Importing QoiImagePlugin
21:17:15::DEBUG   :Importing SgiImagePlugin
21:17:15::DEBUG   :Importing SpiderImagePlugin
21:17:15::DEBUG   :Importing SunImagePlugin
21:17:15::DEBUG   :Importing TgaImagePlugin
21:17:15::DEBUG   :Importing TiffImagePlugin
21:17:15::DEBUG   :Importing WebPImagePlugin
21:17:15::DEBUG   :Importing WmfImagePlugin
21:17:15::DEBUG   :Importing XbmImagePlugin
21:17:15::DEBUG   :Importing XpmImagePlugin
21:17:15::DEBUG   :Importing XVThumbImagePlugin
21:17:15::INFO    :Startup complete
21:17:22::INFO    :Application Starting up
21:17:22::DEBUG   :Using proactor: IocpProactor
21:17:22::DEBUG   :Importing AvifImagePlugin
21:17:22::DEBUG   :Importing BlpImagePlugin
21:17:22::DEBUG   :Importing BmpImagePlugin
21:17:22::DEBUG   :Importing BufrStubImagePlugin
21:17:22::DEBUG   :Importing CurImagePlugin
21:17:22::DEBUG   :Importing DcxImagePlugin
21:17:22::DEBUG   :Importing DdsImagePlugin
21:17:22::DEBUG   :Importing EpsImagePlugin
21:17:22::DEBUG   :Importing FitsImagePlugin
21:17:22::DEBUG   :Importing FliImagePlugin
21:17:22::DEBUG   :Importing FpxImagePlugin
21:17:22::DEBUG   :Image: failed to import FpxImagePlugin: No module named 'olefile'
21:17:22::DEBUG   :Importing FtexImagePlugin
21:17:22::DEBUG   :Importing GbrImagePlugin
21:17:22::DEBUG   :Importing GifImagePlugin
21:17:22::DEBUG   :Importing GribStubImagePlugin
21:17:22::DEBUG   :Importing Hdf5StubImagePlugin
21:17:22::DEBUG   :Importing IcnsImagePlugin
21:17:22::DEBUG   :Importing IcoImagePlugin
21:17:22::DEBUG   :Importing ImImagePlugin
21:17:22::DEBUG   :Importing ImtImagePlugin
21:17:22::DEBUG   :Importing IptcImagePlugin
21:17:22::DEBUG   :Importing JpegImagePlugin
21:17:22::DEBUG   :Importing Jpeg2KImagePlugin
21:17:22::DEBUG   :Importing McIdasImagePlugin
21:17:22::DEBUG   :Importing MicImagePlugin
21:17:22::DEBUG   :Image: failed to import MicImagePlugin: No module named 'olefile'
21:17:22::DEBUG   :Importing MpegImagePlugin
21:17:22::DEBUG   :Importing MpoImagePlugin
21:17:22::DEBUG   :Importing MspImagePlugin
21:17:22::DEBUG   :Importing PalmImagePlugin
21:17:22::DEBUG   :Importing PcdImagePlugin
21:17:22::DEBUG   :Importing PcxImagePlugin
21:17:22::DEBUG   :Importing PdfImagePlugin
21:17:22::DEBUG   :Importing PixarImagePlugin
21:17:22::DEBUG   :Importing PngImagePlugin
21:17:22::DEBUG   :Importing PpmImagePlugin
21:17:22::DEBUG   :Importing PsdImagePlugin
21:17:22::DEBUG   :Importing QoiImagePlugin
21:17:22::DEBUG   :Importing SgiImagePlugin
21:17:22::DEBUG   :Importing SpiderImagePlugin
21:17:22::DEBUG   :Importing SunImagePlugin
21:17:22::DEBUG   :Importing TgaImagePlugin
21:17:22::DEBUG   :Importing TiffImagePlugin
21:17:22::DEBUG   :Importing WebPImagePlugin
21:17:22::DEBUG   :Importing WmfImagePlugin
21:17:22::DEBUG   :Importing XbmImagePlugin
21:17:22::DEBUG   :Importing XpmImagePlugin
21:17:22::DEBUG   :Importing XVThumbImagePlugin
21:17:22::INFO    :Startup complete
21:26:06::INFO    :Application Starting up
21:26:06::DEBUG   :Using proactor: IocpProactor
21:26:06::DEBUG   :Importing AvifImagePlugin
21:26:06::DEBUG   :Importing BlpImagePlugin
21:26:06::DEBUG   :Importing BmpImagePlugin
21:26:06::DEBUG   :Importing BufrStubImagePlugin
21:26:06::DEBUG   :Importing CurImagePlugin
21:26:06::DEBUG   :Importing DcxImagePlugin
21:26:06::DEBUG   :Importing DdsImagePlugin
21:26:06::DEBUG   :Importing EpsImagePlugin
21:26:06::DEBUG   :Importing FitsImagePlugin
21:26:06::DEBUG   :Importing FliImagePlugin
21:26:06::DEBUG   :Importing FpxImagePlugin
21:26:06::DEBUG   :Image: failed to import FpxImagePlugin: No module named 'olefile'
21:26:06::DEBUG   :Importing FtexImagePlugin
21:26:06::DEBUG   :Importing GbrImagePlugin
21:26:06::DEBUG   :Importing GifImagePlugin
21:26:06::DEBUG   :Importing GribStubImagePlugin
21:26:06::DEBUG   :Importing Hdf5StubImagePlugin
21:26:06::DEBUG   :Importing IcnsImagePlugin
21:26:06::DEBUG   :Importing IcoImagePlugin
21:26:06::DEBUG   :Importing ImImagePlugin
21:26:06::DEBUG   :Importing ImtImagePlugin
21:26:06::DEBUG   :Importing IptcImagePlugin
21:26:06::DEBUG   :Importing JpegImagePlugin
21:26:06::DEBUG   :Importing Jpeg2KImagePlugin
21:26:06::DEBUG   :Importing McIdasImagePlugin
21:26:06::DEBUG   :Importing MicImagePlugin
21:26:06::DEBUG   :Image: failed to import MicImagePlugin: No module named 'olefile'
21:26:06::DEBUG   :Importing MpegImagePlugin
21:26:06::DEBUG   :Importing MpoImagePlugin
21:26:06::DEBUG   :Importing MspImagePlugin
21:26:06::DEBUG   :Importing PalmImagePlugin
21:26:06::DEBUG   :Importing PcdImagePlugin
21:26:06::DEBUG   :Importing PcxImagePlugin
21:26:06::DEBUG   :Importing PdfImagePlugin
21:26:06::DEBUG   :Importing PixarImagePlugin
21:26:06::DEBUG   :Importing PngImagePlugin
21:26:06::DEBUG   :Importing PpmImagePlugin
21:26:06::DEBUG   :Importing PsdImagePlugin
21:26:06::DEBUG   :Importing QoiImagePlugin
21:26:06::DEBUG   :Importing SgiImagePlugin
21:26:06::DEBUG   :Importing SpiderImagePlugin
21:26:06::DEBUG   :Importing SunImagePlugin
21:26:06::DEBUG   :Importing TgaImagePlugin
21:26:06::DEBUG   :Importing TiffImagePlugin
21:26:06::DEBUG   :Importing WebPImagePlugin
21:26:06::DEBUG   :Importing WmfImagePlugin
21:26:06::DEBUG   :Importing XbmImagePlugin
21:26:06::DEBUG   :Importing XpmImagePlugin
21:26:06::DEBUG   :Importing XVThumbImagePlugin
21:26:06::INFO    :Startup complete
21:26:06::ERROR   :Task exception was never retrieved
future: <Task finished name='Task-5' coro=<update_cycle() done, defined at c:\Users\user\Documents\GitHub\School_Notes\csengetes_visszaszamlalo\csengo3.py:278> exception=AttributeError("'Schedule' object has no attribute 'classes'")>
Traceback (most recent call last):
  File "c:\Users\user\Documents\GitHub\School_Notes\csengetes_visszaszamlalo\csengo3.py", line 286, in update_cycle
    schedule:Schedule = await Schedule()
                              ~~~~~~~~^^
  File "c:\Users\user\Documents\GitHub\School_Notes\csengetes_visszaszamlalo\csengo3.py", line 276, in __init__
    self.classes.append(self.ClassData(classinfo))
    ^^^^^^^^^^^^
AttributeError: 'Schedule' object has no attribute 'classes'
21:27:04::INFO    :Application Starting up
21:27:04::DEBUG   :Using proactor: IocpProactor
21:27:04::DEBUG   :Importing AvifImagePlugin
21:27:04::DEBUG   :Importing BlpImagePlugin
21:27:04::DEBUG   :Importing BmpImagePlugin
21:27:04::DEBUG   :Importing BufrStubImagePlugin
21:27:04::DEBUG   :Importing CurImagePlugin
21:27:04::DEBUG   :Importing DcxImagePlugin
21:27:04::DEBUG   :Importing DdsImagePlugin
21:27:04::DEBUG   :Importing EpsImagePlugin
21:27:04::DEBUG   :Importing FitsImagePlugin
21:27:04::DEBUG   :Importing FliImagePlugin
21:27:04::DEBUG   :Importing FpxImagePlugin
21:27:04::DEBUG   :Image: failed to import FpxImagePlugin: No module named 'olefile'
21:27:04::DEBUG   :Importing FtexImagePlugin
21:27:04::DEBUG   :Importing GbrImagePlugin
21:27:04::DEBUG   :Importing GifImagePlugin
21:27:04::DEBUG   :Importing GribStubImagePlugin
21:27:04::DEBUG   :Importing Hdf5StubImagePlugin
21:27:04::DEBUG   :Importing IcnsImagePlugin
21:27:04::DEBUG   :Importing IcoImagePlugin
21:27:04::DEBUG   :Importing ImImagePlugin
21:27:04::DEBUG   :Importing ImtImagePlugin
21:27:04::DEBUG   :Importing IptcImagePlugin
21:27:04::DEBUG   :Importing JpegImagePlugin
21:27:04::DEBUG   :Importing Jpeg2KImagePlugin
21:27:04::DEBUG   :Importing McIdasImagePlugin
21:27:04::DEBUG   :Importing MicImagePlugin
21:27:04::DEBUG   :Image: failed to import MicImagePlugin: No module named 'olefile'
21:27:04::DEBUG   :Importing MpegImagePlugin
21:27:04::DEBUG   :Importing MpoImagePlugin
21:27:04::DEBUG   :Importing MspImagePlugin
21:27:04::DEBUG   :Importing PalmImagePlugin
21:27:04::DEBUG   :Importing PcdImagePlugin
21:27:04::DEBUG   :Importing PcxImagePlugin
21:27:04::DEBUG   :Importing PdfImagePlugin
21:27:04::DEBUG   :Importing PixarImagePlugin
21:27:04::DEBUG   :Importing PngImagePlugin
21:27:04::DEBUG   :Importing PpmImagePlugin
21:27:04::DEBUG   :Importing PsdImagePlugin
21:27:04::DEBUG   :Importing QoiImagePlugin
21:27:04::DEBUG   :Importing SgiImagePlugin
21:27:04::DEBUG   :Importing SpiderImagePlugin
21:27:04::DEBUG   :Importing SunImagePlugin
21:27:04::DEBUG   :Importing TgaImagePlugin
21:27:04::DEBUG   :Importing TiffImagePlugin
21:27:04::DEBUG   :Importing WebPImagePlugin
21:27:04::DEBUG   :Importing WmfImagePlugin
21:27:04::DEBUG   :Importing XbmImagePlugin
21:27:04::DEBUG   :Importing XpmImagePlugin
21:27:04::DEBUG   :Importing XVThumbImagePlugin
21:27:04::INFO    :Startup complete
21:27:07::ERROR   :Task exception was never retrieved
future: <Task finished name='Task-5' coro=<update_cycle() done, defined at c:\Users\user\Documents\GitHub\School_Notes\csengetes_visszaszamlalo\csengo3.py:278> exception=AttributeError("'Schedule' object has no attribute 'classes'")>
Traceback (most recent call last):
  File "c:\Users\user\Documents\GitHub\School_Notes\csengetes_visszaszamlalo\csengo3.py", line 286, in update_cycle
    schedule:Schedule = await Schedule()
                              ~~~~~~~~^^
  File "c:\Users\user\Documents\GitHub\School_Notes\csengetes_visszaszamlalo\csengo3.py", line 276, in __init__
    self.classes.append(self.ClassData(classinfo))
    ^^^^^^^^^^^^
AttributeError: 'Schedule' object has no attribute 'classes'
21:28:46::INFO    :Application Starting up
21:28:46::DEBUG   :Using proactor: IocpProactor
21:28:46::DEBUG   :Importing AvifImagePlugin
21:28:46::DEBUG   :Importing BlpImagePlugin
21:28:46::DEBUG   :Importing BmpImagePlugin
21:28:46::DEBUG   :Importing BufrStubImagePlugin
21:28:46::DEBUG   :Importing CurImagePlugin
21:28:46::DEBUG   :Importing DcxImagePlugin
21:28:46::DEBUG   :Importing DdsImagePlugin
21:28:46::DEBUG   :Importing EpsImagePlugin
21:28:46::DEBUG   :Importing FitsImagePlugin
21:28:46::DEBUG   :Importing FliImagePlugin
21:28:46::DEBUG   :Importing FpxImagePlugin
21:28:46::DEBUG   :Image: failed to import FpxImagePlugin: No module named 'olefile'
21:28:46::DEBUG   :Importing FtexImagePlugin
21:28:46::DEBUG   :Importing GbrImagePlugin
21:28:46::DEBUG   :Importing GifImagePlugin
21:28:46::DEBUG   :Importing GribStubImagePlugin
21:28:46::DEBUG   :Importing Hdf5StubImagePlugin
21:28:46::DEBUG   :Importing IcnsImagePlugin
21:28:46::DEBUG   :Importing IcoImagePlugin
21:28:46::DEBUG   :Importing ImImagePlugin
21:28:46::DEBUG   :Importing ImtImagePlugin
21:28:46::DEBUG   :Importing IptcImagePlugin
21:28:46::DEBUG   :Importing JpegImagePlugin
21:28:46::DEBUG   :Importing Jpeg2KImagePlugin
21:28:46::DEBUG   :Importing McIdasImagePlugin
21:28:46::DEBUG   :Importing MicImagePlugin
21:28:46::DEBUG   :Image: failed to import MicImagePlugin: No module named 'olefile'
21:28:46::DEBUG   :Importing MpegImagePlugin
21:28:46::DEBUG   :Importing MpoImagePlugin
21:28:46::DEBUG   :Importing MspImagePlugin
21:28:46::DEBUG   :Importing PalmImagePlugin
21:28:46::DEBUG   :Importing PcdImagePlugin
21:28:46::DEBUG   :Importing PcxImagePlugin
21:28:46::DEBUG   :Importing PdfImagePlugin
21:28:46::DEBUG   :Importing PixarImagePlugin
21:28:46::DEBUG   :Importing PngImagePlugin
21:28:46::DEBUG   :Importing PpmImagePlugin
21:28:46::DEBUG   :Importing PsdImagePlugin
21:28:46::DEBUG   :Importing QoiImagePlugin
21:28:46::DEBUG   :Importing SgiImagePlugin
21:28:46::DEBUG   :Importing SpiderImagePlugin
21:28:46::DEBUG   :Importing SunImagePlugin
21:28:46::DEBUG   :Importing TgaImagePlugin
21:28:46::DEBUG   :Importing TiffImagePlugin
21:28:46::DEBUG   :Importing WebPImagePlugin
21:28:46::DEBUG   :Importing WmfImagePlugin
21:28:46::DEBUG   :Importing XbmImagePlugin
21:28:46::DEBUG   :Importing XpmImagePlugin
21:28:46::DEBUG   :Importing XVThumbImagePlugin
21:28:47::INFO    :Startup complete
21:28:50::ERROR   :Task exception was never retrieved
future: <Task finished name='Task-5' coro=<update_cycle() done, defined at c:\Users\user\Documents\GitHub\School_Notes\csengetes_visszaszamlalo\csengo3.py:278> exception=IndexError('string index out of range')>
Traceback (most recent call last):
  File "c:\Users\user\Documents\GitHub\School_Notes\csengetes_visszaszamlalo\csengo3.py", line 286, in update_cycle
    schedule:Schedule = await Schedule()
                              ~~~~~~~~^^
  File "c:\Users\user\Documents\GitHub\School_Notes\csengetes_visszaszamlalo\csengo3.py", line 276, in __init__
    self.classes.append(self.ClassData(classinfo))
                        ~~~~~~~~~~~~~~^^^^^^^^^^^
  File "c:\Users\user\Documents\GitHub\School_Notes\csengetes_visszaszamlalo\csengo3.py", line 262, in __init__
    self.room = classdata[3]
                ~~~~~~~~~^^^
IndexError: string index out of range
21:29:01::INFO    :Application Starting up
21:29:01::DEBUG   :Using proactor: IocpProactor
21:29:01::DEBUG   :Importing AvifImagePlugin
21:29:01::DEBUG   :Importing BlpImagePlugin
21:29:01::DEBUG   :Importing BmpImagePlugin
21:29:01::DEBUG   :Importing BufrStubImagePlugin
21:29:01::DEBUG   :Importing CurImagePlugin
21:29:01::DEBUG   :Importing DcxImagePlugin
21:29:01::DEBUG   :Importing DdsImagePlugin
21:29:01::DEBUG   :Importing EpsImagePlugin
21:29:01::DEBUG   :Importing FitsImagePlugin
21:29:01::DEBUG   :Importing FliImagePlugin
21:29:01::DEBUG   :Importing FpxImagePlugin
21:29:01::DEBUG   :Image: failed to import FpxImagePlugin: No module named 'olefile'
21:29:01::DEBUG   :Importing FtexImagePlugin
21:29:01::DEBUG   :Importing GbrImagePlugin
21:29:01::DEBUG   :Importing GifImagePlugin
21:29:01::DEBUG   :Importing GribStubImagePlugin
21:29:01::DEBUG   :Importing Hdf5StubImagePlugin
21:29:01::DEBUG   :Importing IcnsImagePlugin
21:29:01::DEBUG   :Importing IcoImagePlugin
21:29:01::DEBUG   :Importing ImImagePlugin
21:29:01::DEBUG   :Importing ImtImagePlugin
21:29:01::DEBUG   :Importing IptcImagePlugin
21:29:01::DEBUG   :Importing JpegImagePlugin
21:29:01::DEBUG   :Importing Jpeg2KImagePlugin
21:29:01::DEBUG   :Importing McIdasImagePlugin
21:29:01::DEBUG   :Importing MicImagePlugin
21:29:01::DEBUG   :Image: failed to import MicImagePlugin: No module named 'olefile'
21:29:01::DEBUG   :Importing MpegImagePlugin
21:29:01::DEBUG   :Importing MpoImagePlugin
21:29:01::DEBUG   :Importing MspImagePlugin
21:29:01::DEBUG   :Importing PalmImagePlugin
21:29:01::DEBUG   :Importing PcdImagePlugin
21:29:01::DEBUG   :Importing PcxImagePlugin
21:29:01::DEBUG   :Importing PdfImagePlugin
21:29:01::DEBUG   :Importing PixarImagePlugin
21:29:01::DEBUG   :Importing PngImagePlugin
21:29:01::DEBUG   :Importing PpmImagePlugin
21:29:01::DEBUG   :Importing PsdImagePlugin
21:29:01::DEBUG   :Importing QoiImagePlugin
21:29:01::DEBUG   :Importing SgiImagePlugin
21:29:01::DEBUG   :Importing SpiderImagePlugin
21:29:01::DEBUG   :Importing SunImagePlugin
21:29:01::DEBUG   :Importing TgaImagePlugin
21:29:01::DEBUG   :Importing TiffImagePlugin
21:29:01::DEBUG   :Importing WebPImagePlugin
21:29:01::DEBUG   :Importing WmfImagePlugin
21:29:01::DEBUG   :Importing XbmImagePlugin
21:29:01::DEBUG   :Importing XpmImagePlugin
21:29:01::DEBUG   :Importing XVThumbImagePlugin
21:29:01::INFO    :Startup complete
21:29:28::ERROR   :Task exception was never retrieved
future: <Task finished name='Task-5' coro=<update_cycle() done, defined at c:\Users\user\Documents\GitHub\School_Notes\csengetes_visszaszamlalo\csengo3.py:278> exception=IndexError('string index out of range')>
Traceback (most recent call last):
  File "c:\Users\user\Documents\GitHub\School_Notes\csengetes_visszaszamlalo\csengo3.py", line 286, in update_cycle
    schedule:Schedule = await Schedule()
                              ~~~~~~~~^^
  File "c:\Users\user\Documents\GitHub\School_Notes\csengetes_visszaszamlalo\csengo3.py", line 276, in __init__
    self.classes.append(self.ClassData(classinfo))
                        ~~~~~~~~~~~~~~^^^^^^^^^^^
  File "c:\Users\user\Documents\GitHub\School_Notes\csengetes_visszaszamlalo\csengo3.py", line 262, in __init__
    self.room = classdata[3]
                ~~~~~~~~~^^^
IndexError: string index out of range
21:29:38::INFO    :Application Starting up
21:29:38::DEBUG   :Using proactor: IocpProactor
21:29:38::DEBUG   :Importing AvifImagePlugin
21:29:38::DEBUG   :Importing BlpImagePlugin
21:29:38::DEBUG   :Importing BmpImagePlugin
21:29:38::DEBUG   :Importing BufrStubImagePlugin
21:29:38::DEBUG   :Importing CurImagePlugin
21:29:38::DEBUG   :Importing DcxImagePlugin
21:29:38::DEBUG   :Importing DdsImagePlugin
21:29:38::DEBUG   :Importing EpsImagePlugin
21:29:38::DEBUG   :Importing FitsImagePlugin
21:29:38::DEBUG   :Importing FliImagePlugin
21:29:38::DEBUG   :Importing FpxImagePlugin
21:29:38::DEBUG   :Image: failed to import FpxImagePlugin: No module named 'olefile'
21:29:38::DEBUG   :Importing FtexImagePlugin
21:29:38::DEBUG   :Importing GbrImagePlugin
21:29:38::DEBUG   :Importing GifImagePlugin
21:29:38::DEBUG   :Importing GribStubImagePlugin
21:29:38::DEBUG   :Importing Hdf5StubImagePlugin
21:29:38::DEBUG   :Importing IcnsImagePlugin
21:29:38::DEBUG   :Importing IcoImagePlugin
21:29:38::DEBUG   :Importing ImImagePlugin
21:29:38::DEBUG   :Importing ImtImagePlugin
21:29:38::DEBUG   :Importing IptcImagePlugin
21:29:38::DEBUG   :Importing JpegImagePlugin
21:29:38::DEBUG   :Importing Jpeg2KImagePlugin
21:29:38::DEBUG   :Importing McIdasImagePlugin
21:29:38::DEBUG   :Importing MicImagePlugin
21:29:38::DEBUG   :Image: failed to import MicImagePlugin: No module named 'olefile'
21:29:38::DEBUG   :Importing MpegImagePlugin
21:29:38::DEBUG   :Importing MpoImagePlugin
21:29:38::DEBUG   :Importing MspImagePlugin
21:29:38::DEBUG   :Importing PalmImagePlugin
21:29:38::DEBUG   :Importing PcdImagePlugin
21:29:38::DEBUG   :Importing PcxImagePlugin
21:29:38::DEBUG   :Importing PdfImagePlugin
21:29:38::DEBUG   :Importing PixarImagePlugin
21:29:38::DEBUG   :Importing PngImagePlugin
21:29:38::DEBUG   :Importing PpmImagePlugin
21:29:38::DEBUG   :Importing PsdImagePlugin
21:29:38::DEBUG   :Importing QoiImagePlugin
21:29:38::DEBUG   :Importing SgiImagePlugin
21:29:38::DEBUG   :Importing SpiderImagePlugin
21:29:38::DEBUG   :Importing SunImagePlugin
21:29:38::DEBUG   :Importing TgaImagePlugin
21:29:38::DEBUG   :Importing TiffImagePlugin
21:29:38::DEBUG   :Importing WebPImagePlugin
21:29:38::DEBUG   :Importing WmfImagePlugin
21:29:38::DEBUG   :Importing XbmImagePlugin
21:29:38::DEBUG   :Importing XpmImagePlugin
21:29:38::DEBUG   :Importing XVThumbImagePlugin
21:29:38::INFO    :Startup complete
21:40:05::INFO    :Application Starting up
21:40:05::DEBUG   :Using proactor: IocpProactor
21:40:05::DEBUG   :Importing AvifImagePlugin
21:40:05::DEBUG   :Importing BlpImagePlugin
21:40:05::DEBUG   :Importing BmpImagePlugin
21:40:05::DEBUG   :Importing BufrStubImagePlugin
21:40:05::DEBUG   :Importing CurImagePlugin
21:40:05::DEBUG   :Importing DcxImagePlugin
21:40:05::DEBUG   :Importing DdsImagePlugin
21:40:05::DEBUG   :Importing EpsImagePlugin
21:40:05::DEBUG   :Importing FitsImagePlugin
21:40:05::DEBUG   :Importing FliImagePlugin
21:40:05::DEBUG   :Importing FpxImagePlugin
21:40:05::DEBUG   :Image: failed to import FpxImagePlugin: No module named 'olefile'
21:40:05::DEBUG   :Importing FtexImagePlugin
21:40:05::DEBUG   :Importing GbrImagePlugin
21:40:05::DEBUG   :Importing GifImagePlugin
21:40:05::DEBUG   :Importing GribStubImagePlugin
21:40:05::DEBUG   :Importing Hdf5StubImagePlugin
21:40:05::DEBUG   :Importing IcnsImagePlugin
21:40:05::DEBUG   :Importing IcoImagePlugin
21:40:05::DEBUG   :Importing ImImagePlugin
21:40:05::DEBUG   :Importing ImtImagePlugin
21:40:05::DEBUG   :Importing IptcImagePlugin
21:40:05::DEBUG   :Importing JpegImagePlugin
21:40:05::DEBUG   :Importing Jpeg2KImagePlugin
21:40:05::DEBUG   :Importing McIdasImagePlugin
21:40:05::DEBUG   :Importing MicImagePlugin
21:40:05::DEBUG   :Image: failed to import MicImagePlugin: No module named 'olefile'
21:40:05::DEBUG   :Importing MpegImagePlugin
21:40:05::DEBUG   :Importing MpoImagePlugin
21:40:05::DEBUG   :Importing MspImagePlugin
21:40:05::DEBUG   :Importing PalmImagePlugin
21:40:05::DEBUG   :Importing PcdImagePlugin
21:40:05::DEBUG   :Importing PcxImagePlugin
21:40:05::DEBUG   :Importing PdfImagePlugin
21:40:05::DEBUG   :Importing PixarImagePlugin
21:40:05::DEBUG   :Importing PngImagePlugin
21:40:05::DEBUG   :Importing PpmImagePlugin
21:40:05::DEBUG   :Importing PsdImagePlugin
21:40:05::DEBUG   :Importing QoiImagePlugin
21:40:05::DEBUG   :Importing SgiImagePlugin
21:40:05::DEBUG   :Importing SpiderImagePlugin
21:40:05::DEBUG   :Importing SunImagePlugin
21:40:05::DEBUG   :Importing TgaImagePlugin
21:40:05::DEBUG   :Importing TiffImagePlugin
21:40:05::DEBUG   :Importing WebPImagePlugin
21:40:05::DEBUG   :Importing WmfImagePlugin
21:40:05::DEBUG   :Importing XbmImagePlugin
21:40:05::DEBUG   :Importing XpmImagePlugin
21:40:05::DEBUG   :Importing XVThumbImagePlugin
21:40:05::INFO    :Startup complete
21:40:13::ERROR   :Task exception was never retrieved
future: <Task finished name='Task-5' coro=<update_cycle() done, defined at c:\Users\user\Documents\GitHub\School_Notes\csengetes_visszaszamlalo\csengo3.py:310> exception=AttributeError("'Schedule' object has no attribute 'special_day'")>
Traceback (most recent call last):
  File "c:\Users\user\Documents\GitHub\School_Notes\csengetes_visszaszamlalo\csengo3.py", line 318, in update_cycle
    schedule:Schedule = await Schedule()
                              ~~~~~~~~^^
  File "c:\Users\user\Documents\GitHub\School_Notes\csengetes_visszaszamlalo\csengo3.py", line 308, in __init__
    self.classes.append(self.ClassData(classinfo, ind, self))
                        ~~~~~~~~~~~~~~^^^^^^^^^^^^^^^^^^^^^^
  File "c:\Users\user\Documents\GitHub\School_Notes\csengetes_visszaszamlalo\csengo3.py", line 291, in __init__
    self.begin = (settings.classtimes if parent.special_day else settings.special_classtimes)[index]
                                         ^^^^^^^^^^^^^^^^^^
AttributeError: 'Schedule' object has no attribute 'special_day'
21:40:36::INFO    :Application Starting up
21:40:36::DEBUG   :Using proactor: IocpProactor
21:40:36::DEBUG   :Importing AvifImagePlugin
21:40:36::DEBUG   :Importing BlpImagePlugin
21:40:36::DEBUG   :Importing BmpImagePlugin
21:40:36::DEBUG   :Importing BufrStubImagePlugin
21:40:36::DEBUG   :Importing CurImagePlugin
21:40:36::DEBUG   :Importing DcxImagePlugin
21:40:36::DEBUG   :Importing DdsImagePlugin
21:40:36::DEBUG   :Importing EpsImagePlugin
21:40:36::DEBUG   :Importing FitsImagePlugin
21:40:36::DEBUG   :Importing FliImagePlugin
21:40:36::DEBUG   :Importing FpxImagePlugin
21:40:36::DEBUG   :Image: failed to import FpxImagePlugin: No module named 'olefile'
21:40:36::DEBUG   :Importing FtexImagePlugin
21:40:36::DEBUG   :Importing GbrImagePlugin
21:40:36::DEBUG   :Importing GifImagePlugin
21:40:36::DEBUG   :Importing GribStubImagePlugin
21:40:36::DEBUG   :Importing Hdf5StubImagePlugin
21:40:36::DEBUG   :Importing IcnsImagePlugin
21:40:36::DEBUG   :Importing IcoImagePlugin
21:40:36::DEBUG   :Importing ImImagePlugin
21:40:36::DEBUG   :Importing ImtImagePlugin
21:40:36::DEBUG   :Importing IptcImagePlugin
21:40:36::DEBUG   :Importing JpegImagePlugin
21:40:36::DEBUG   :Importing Jpeg2KImagePlugin
21:40:36::DEBUG   :Importing McIdasImagePlugin
21:40:36::DEBUG   :Importing MicImagePlugin
21:40:36::DEBUG   :Image: failed to import MicImagePlugin: No module named 'olefile'
21:40:36::DEBUG   :Importing MpegImagePlugin
21:40:36::DEBUG   :Importing MpoImagePlugin
21:40:36::DEBUG   :Importing MspImagePlugin
21:40:36::DEBUG   :Importing PalmImagePlugin
21:40:36::DEBUG   :Importing PcdImagePlugin
21:40:36::DEBUG   :Importing PcxImagePlugin
21:40:36::DEBUG   :Importing PdfImagePlugin
21:40:36::DEBUG   :Importing PixarImagePlugin
21:40:36::DEBUG   :Importing PngImagePlugin
21:40:36::DEBUG   :Importing PpmImagePlugin
21:40:36::DEBUG   :Importing PsdImagePlugin
21:40:36::DEBUG   :Importing QoiImagePlugin
21:40:36::DEBUG   :Importing SgiImagePlugin
21:40:36::DEBUG   :Importing SpiderImagePlugin
21:40:36::DEBUG   :Importing SunImagePlugin
21:40:36::DEBUG   :Importing TgaImagePlugin
21:40:36::DEBUG   :Importing TiffImagePlugin
21:40:36::DEBUG   :Importing WebPImagePlugin
21:40:36::DEBUG   :Importing WmfImagePlugin
21:40:36::DEBUG   :Importing XbmImagePlugin
21:40:36::DEBUG   :Importing XpmImagePlugin
21:40:36::DEBUG   :Importing XVThumbImagePlugin
21:40:36::INFO    :Startup complete
21:40:36::ERROR   :Task exception was never retrieved
future: <Task finished name='Task-5' coro=<update_cycle() done, defined at c:\Users\user\Documents\GitHub\School_Notes\csengetes_visszaszamlalo\csengo3.py:310> exception=AttributeError("'Schedule' object has no attribute 'special_day'")>
Traceback (most recent call last):
  File "c:\Users\user\Documents\GitHub\School_Notes\csengetes_visszaszamlalo\csengo3.py", line 318, in update_cycle
    schedule:Schedule = await Schedule()
                              ~~~~~~~~^^
  File "c:\Users\user\Documents\GitHub\School_Notes\csengetes_visszaszamlalo\csengo3.py", line 308, in __init__
    self.classes.append(self.ClassData(classinfo, ind, self))
                        ~~~~~~~~~~~~~~^^^^^^^^^^^^^^^^^^^^^^
  File "c:\Users\user\Documents\GitHub\School_Notes\csengetes_visszaszamlalo\csengo3.py", line 291, in __init__
    self.begin = (settings.classtimes if parent.special_day else settings.special_classtimes)[index]
                                         ^^^^^^^^^^^^^^^^^^
AttributeError: 'Schedule' object has no attribute 'special_day'
21:42:03::INFO    :Application Starting up
21:42:03::DEBUG   :Using proactor: IocpProactor
21:42:03::DEBUG   :Importing AvifImagePlugin
21:42:03::DEBUG   :Importing BlpImagePlugin
21:42:03::DEBUG   :Importing BmpImagePlugin
21:42:03::DEBUG   :Importing BufrStubImagePlugin
21:42:03::DEBUG   :Importing CurImagePlugin
21:42:03::DEBUG   :Importing DcxImagePlugin
21:42:03::DEBUG   :Importing DdsImagePlugin
21:42:03::DEBUG   :Importing EpsImagePlugin
21:42:03::DEBUG   :Importing FitsImagePlugin
21:42:03::DEBUG   :Importing FliImagePlugin
21:42:03::DEBUG   :Importing FpxImagePlugin
21:42:03::DEBUG   :Image: failed to import FpxImagePlugin: No module named 'olefile'
21:42:03::DEBUG   :Importing FtexImagePlugin
21:42:03::DEBUG   :Importing GbrImagePlugin
21:42:03::DEBUG   :Importing GifImagePlugin
21:42:03::DEBUG   :Importing GribStubImagePlugin
21:42:03::DEBUG   :Importing Hdf5StubImagePlugin
21:42:03::DEBUG   :Importing IcnsImagePlugin
21:42:03::DEBUG   :Importing IcoImagePlugin
21:42:03::DEBUG   :Importing ImImagePlugin
21:42:03::DEBUG   :Importing ImtImagePlugin
21:42:03::DEBUG   :Importing IptcImagePlugin
21:42:03::DEBUG   :Importing JpegImagePlugin
21:42:03::DEBUG   :Importing Jpeg2KImagePlugin
21:42:03::DEBUG   :Importing McIdasImagePlugin
21:42:03::DEBUG   :Importing MicImagePlugin
21:42:03::DEBUG   :Image: failed to import MicImagePlugin: No module named 'olefile'
21:42:03::DEBUG   :Importing MpegImagePlugin
21:42:03::DEBUG   :Importing MpoImagePlugin
21:42:03::DEBUG   :Importing MspImagePlugin
21:42:03::DEBUG   :Importing PalmImagePlugin
21:42:03::DEBUG   :Importing PcdImagePlugin
21:42:03::DEBUG   :Importing PcxImagePlugin
21:42:03::DEBUG   :Importing PdfImagePlugin
21:42:03::DEBUG   :Importing PixarImagePlugin
21:42:03::DEBUG   :Importing PngImagePlugin
21:42:03::DEBUG   :Importing PpmImagePlugin
21:42:03::DEBUG   :Importing PsdImagePlugin
21:42:03::DEBUG   :Importing QoiImagePlugin
21:42:03::DEBUG   :Importing SgiImagePlugin
21:42:03::DEBUG   :Importing SpiderImagePlugin
21:42:03::DEBUG   :Importing SunImagePlugin
21:42:03::DEBUG   :Importing TgaImagePlugin
21:42:03::DEBUG   :Importing TiffImagePlugin
21:42:03::DEBUG   :Importing WebPImagePlugin
21:42:03::DEBUG   :Importing WmfImagePlugin
21:42:03::DEBUG   :Importing XbmImagePlugin
21:42:03::DEBUG   :Importing XpmImagePlugin
21:42:03::DEBUG   :Importing XVThumbImagePlugin
21:42:03::INFO    :Startup complete
21:42:03::ERROR   :Task exception was never retrieved
future: <Task finished name='Task-5' coro=<update_cycle() done, defined at c:\Users\user\Documents\GitHub\School_Notes\csengetes_visszaszamlalo\csengo3.py:310> exception=AttributeError("'Schedule' object has no attribute 'special_day'")>
Traceback (most recent call last):
  File "c:\Users\user\Documents\GitHub\School_Notes\csengetes_visszaszamlalo\csengo3.py", line 318, in update_cycle
    schedule:Schedule = await Schedule()
                              ~~~~~~~~^^
  File "c:\Users\user\Documents\GitHub\School_Notes\csengetes_visszaszamlalo\csengo3.py", line 308, in __init__
    self.classes.append(self.ClassData(classinfo, ind, self))
                        ~~~~~~~~~~~~~~^^^^^^^^^^^^^^^^^^^^^^
  File "c:\Users\user\Documents\GitHub\School_Notes\csengetes_visszaszamlalo\csengo3.py", line 291, in __init__
    self.begin = (settings.classtimes if parent.special_day else settings.special_classtimes)[index]
                                         ^^^^^^^^^^^^^^^^^^
AttributeError: 'Schedule' object has no attribute 'special_day'
21:42:12::INFO    :Application Starting up
21:42:12::DEBUG   :Using proactor: IocpProactor
21:42:12::DEBUG   :Importing AvifImagePlugin
21:42:12::DEBUG   :Importing BlpImagePlugin
21:42:12::DEBUG   :Importing BmpImagePlugin
21:42:12::DEBUG   :Importing BufrStubImagePlugin
21:42:12::DEBUG   :Importing CurImagePlugin
21:42:12::DEBUG   :Importing DcxImagePlugin
21:42:12::DEBUG   :Importing DdsImagePlugin
21:42:12::DEBUG   :Importing EpsImagePlugin
21:42:12::DEBUG   :Importing FitsImagePlugin
21:42:12::DEBUG   :Importing FliImagePlugin
21:42:12::DEBUG   :Importing FpxImagePlugin
21:42:12::DEBUG   :Image: failed to import FpxImagePlugin: No module named 'olefile'
21:42:12::DEBUG   :Importing FtexImagePlugin
21:42:12::DEBUG   :Importing GbrImagePlugin
21:42:12::DEBUG   :Importing GifImagePlugin
21:42:12::DEBUG   :Importing GribStubImagePlugin
21:42:12::DEBUG   :Importing Hdf5StubImagePlugin
21:42:12::DEBUG   :Importing IcnsImagePlugin
21:42:12::DEBUG   :Importing IcoImagePlugin
21:42:12::DEBUG   :Importing ImImagePlugin
21:42:12::DEBUG   :Importing ImtImagePlugin
21:42:12::DEBUG   :Importing IptcImagePlugin
21:42:12::DEBUG   :Importing JpegImagePlugin
21:42:12::DEBUG   :Importing Jpeg2KImagePlugin
21:42:12::DEBUG   :Importing McIdasImagePlugin
21:42:12::DEBUG   :Importing MicImagePlugin
21:42:12::DEBUG   :Image: failed to import MicImagePlugin: No module named 'olefile'
21:42:12::DEBUG   :Importing MpegImagePlugin
21:42:12::DEBUG   :Importing MpoImagePlugin
21:42:12::DEBUG   :Importing MspImagePlugin
21:42:12::DEBUG   :Importing PalmImagePlugin
21:42:12::DEBUG   :Importing PcdImagePlugin
21:42:12::DEBUG   :Importing PcxImagePlugin
21:42:12::DEBUG   :Importing PdfImagePlugin
21:42:12::DEBUG   :Importing PixarImagePlugin
21:42:12::DEBUG   :Importing PngImagePlugin
21:42:12::DEBUG   :Importing PpmImagePlugin
21:42:12::DEBUG   :Importing PsdImagePlugin
21:42:12::DEBUG   :Importing QoiImagePlugin
21:42:12::DEBUG   :Importing SgiImagePlugin
21:42:12::DEBUG   :Importing SpiderImagePlugin
21:42:12::DEBUG   :Importing SunImagePlugin
21:42:12::DEBUG   :Importing TgaImagePlugin
21:42:12::DEBUG   :Importing TiffImagePlugin
21:42:12::DEBUG   :Importing WebPImagePlugin
21:42:12::DEBUG   :Importing WmfImagePlugin
21:42:12::DEBUG   :Importing XbmImagePlugin
21:42:12::DEBUG   :Importing XpmImagePlugin
21:42:12::DEBUG   :Importing XVThumbImagePlugin
21:42:12::INFO    :Startup complete
21:42:17::ERROR   :Task exception was never retrieved
future: <Task finished name='Task-5' coro=<update_cycle() done, defined at c:\Users\user\Documents\GitHub\School_Notes\csengetes_visszaszamlalo\csengo3.py:310> exception=AttributeError("'Schedule' object has no attribute 'special_day'")>
Traceback (most recent call last):
  File "c:\Users\user\Documents\GitHub\School_Notes\csengetes_visszaszamlalo\csengo3.py", line 318, in update_cycle
    schedule:Schedule = await Schedule()
                              ~~~~~~~~^^
  File "c:\Users\user\Documents\GitHub\School_Notes\csengetes_visszaszamlalo\csengo3.py", line 308, in __init__
    self.classes.append(self.ClassData(classinfo, ind, self))
                        ~~~~~~~~~~~~~~^^^^^^^^^^^^^^^^^^^^^^
  File "c:\Users\user\Documents\GitHub\School_Notes\csengetes_visszaszamlalo\csengo3.py", line 291, in __init__
    self.begin = (settings.classtimes if parent.special_day else settings.special_classtimes)[index]
                                         ^^^^^^^^^^^^^^^^^^
AttributeError: 'Schedule' object has no attribute 'special_day'
21:59:03::INFO    :Application Starting up
21:59:03::DEBUG   :Using proactor: IocpProactor
21:59:03::DEBUG   :Importing AvifImagePlugin
21:59:03::DEBUG   :Importing BlpImagePlugin
21:59:03::DEBUG   :Importing BmpImagePlugin
21:59:03::DEBUG   :Importing BufrStubImagePlugin
21:59:03::DEBUG   :Importing CurImagePlugin
21:59:03::DEBUG   :Importing DcxImagePlugin
21:59:03::DEBUG   :Importing DdsImagePlugin
21:59:03::DEBUG   :Importing EpsImagePlugin
21:59:03::DEBUG   :Importing FitsImagePlugin
21:59:03::DEBUG   :Importing FliImagePlugin
21:59:03::DEBUG   :Importing FpxImagePlugin
21:59:03::DEBUG   :Image: failed to import FpxImagePlugin: No module named 'olefile'
21:59:03::DEBUG   :Importing FtexImagePlugin
21:59:03::DEBUG   :Importing GbrImagePlugin
21:59:03::DEBUG   :Importing GifImagePlugin
21:59:03::DEBUG   :Importing GribStubImagePlugin
21:59:03::DEBUG   :Importing Hdf5StubImagePlugin
21:59:03::DEBUG   :Importing IcnsImagePlugin
21:59:03::DEBUG   :Importing IcoImagePlugin
21:59:03::DEBUG   :Importing ImImagePlugin
21:59:03::DEBUG   :Importing ImtImagePlugin
21:59:03::DEBUG   :Importing IptcImagePlugin
21:59:03::DEBUG   :Importing JpegImagePlugin
21:59:03::DEBUG   :Importing Jpeg2KImagePlugin
21:59:03::DEBUG   :Importing McIdasImagePlugin
21:59:03::DEBUG   :Importing MicImagePlugin
21:59:03::DEBUG   :Image: failed to import MicImagePlugin: No module named 'olefile'
21:59:03::DEBUG   :Importing MpegImagePlugin
21:59:03::DEBUG   :Importing MpoImagePlugin
21:59:03::DEBUG   :Importing MspImagePlugin
21:59:03::DEBUG   :Importing PalmImagePlugin
21:59:03::DEBUG   :Importing PcdImagePlugin
21:59:03::DEBUG   :Importing PcxImagePlugin
21:59:03::DEBUG   :Importing PdfImagePlugin
21:59:03::DEBUG   :Importing PixarImagePlugin
21:59:03::DEBUG   :Importing PngImagePlugin
21:59:03::DEBUG   :Importing PpmImagePlugin
21:59:03::DEBUG   :Importing PsdImagePlugin
21:59:03::DEBUG   :Importing QoiImagePlugin
21:59:03::DEBUG   :Importing SgiImagePlugin
21:59:03::DEBUG   :Importing SpiderImagePlugin
21:59:03::DEBUG   :Importing SunImagePlugin
21:59:03::DEBUG   :Importing TgaImagePlugin
21:59:03::DEBUG   :Importing TiffImagePlugin
21:59:03::DEBUG   :Importing WebPImagePlugin
21:59:03::DEBUG   :Importing WmfImagePlugin
21:59:03::DEBUG   :Importing XbmImagePlugin
21:59:03::DEBUG   :Importing XpmImagePlugin
21:59:03::DEBUG   :Importing XVThumbImagePlugin
21:59:03::INFO    :Startup complete
21:59:09::ERROR   :Task exception was never retrieved
future: <Task finished name='Task-5' coro=<update_cycle() done, defined at c:\Users\user\Documents\GitHub\School_Notes\csengetes_visszaszamlalo\csengo3.py:322> exception=AttributeError("'Schedule' object has no attribute 'special_day'")>
Traceback (most recent call last):
  File "c:\Users\user\Documents\GitHub\School_Notes\csengetes_visszaszamlalo\csengo3.py", line 330, in update_cycle
    schedule:Schedule = await Schedule()
                              ~~~~~~~~^^
  File "c:\Users\user\Documents\GitHub\School_Notes\csengetes_visszaszamlalo\csengo3.py", line 320, in __init__
    self.classes.append(self.ClassData(classinfo, ind, self))
                        ~~~~~~~~~~~~~~^^^^^^^^^^^^^^^^^^^^^^
  File "c:\Users\user\Documents\GitHub\School_Notes\csengetes_visszaszamlalo\csengo3.py", line 302, in __init__
    temp = (settings.special_begintimes.get(parent.date) if parent.special_day else settings.classes_begin)
                                                            ^^^^^^^^^^^^^^^^^^
AttributeError: 'Schedule' object has no attribute 'special_day'
22:03:00::INFO    :Application Starting up
22:03:00::DEBUG   :Using proactor: IocpProactor
22:03:00::DEBUG   :Importing AvifImagePlugin
22:03:00::DEBUG   :Importing BlpImagePlugin
22:03:00::DEBUG   :Importing BmpImagePlugin
22:03:00::DEBUG   :Importing BufrStubImagePlugin
22:03:00::DEBUG   :Importing CurImagePlugin
22:03:00::DEBUG   :Importing DcxImagePlugin
22:03:00::DEBUG   :Importing DdsImagePlugin
22:03:00::DEBUG   :Importing EpsImagePlugin
22:03:00::DEBUG   :Importing FitsImagePlugin
22:03:00::DEBUG   :Importing FliImagePlugin
22:03:00::DEBUG   :Importing FpxImagePlugin
22:03:00::DEBUG   :Image: failed to import FpxImagePlugin: No module named 'olefile'
22:03:00::DEBUG   :Importing FtexImagePlugin
22:03:00::DEBUG   :Importing GbrImagePlugin
22:03:00::DEBUG   :Importing GifImagePlugin
22:03:00::DEBUG   :Importing GribStubImagePlugin
22:03:00::DEBUG   :Importing Hdf5StubImagePlugin
22:03:00::DEBUG   :Importing IcnsImagePlugin
22:03:00::DEBUG   :Importing IcoImagePlugin
22:03:00::DEBUG   :Importing ImImagePlugin
22:03:00::DEBUG   :Importing ImtImagePlugin
22:03:01::DEBUG   :Importing IptcImagePlugin
22:03:01::DEBUG   :Importing JpegImagePlugin
22:03:01::DEBUG   :Importing Jpeg2KImagePlugin
22:03:01::DEBUG   :Importing McIdasImagePlugin
22:03:01::DEBUG   :Importing MicImagePlugin
22:03:01::DEBUG   :Image: failed to import MicImagePlugin: No module named 'olefile'
22:03:01::DEBUG   :Importing MpegImagePlugin
22:03:01::DEBUG   :Importing MpoImagePlugin
22:03:01::DEBUG   :Importing MspImagePlugin
22:03:01::DEBUG   :Importing PalmImagePlugin
22:03:01::DEBUG   :Importing PcdImagePlugin
22:03:01::DEBUG   :Importing PcxImagePlugin
22:03:01::DEBUG   :Importing PdfImagePlugin
22:03:01::DEBUG   :Importing PixarImagePlugin
22:03:01::DEBUG   :Importing PngImagePlugin
22:03:01::DEBUG   :Importing PpmImagePlugin
22:03:01::DEBUG   :Importing PsdImagePlugin
22:03:01::DEBUG   :Importing QoiImagePlugin
22:03:01::DEBUG   :Importing SgiImagePlugin
22:03:01::DEBUG   :Importing SpiderImagePlugin
22:03:01::DEBUG   :Importing SunImagePlugin
22:03:01::DEBUG   :Importing TgaImagePlugin
22:03:01::DEBUG   :Importing TiffImagePlugin
22:03:01::DEBUG   :Importing WebPImagePlugin
22:03:01::DEBUG   :Importing WmfImagePlugin
22:03:01::DEBUG   :Importing XbmImagePlugin
22:03:01::DEBUG   :Importing XpmImagePlugin
22:03:01::DEBUG   :Importing XVThumbImagePlugin
22:03:01::INFO    :Startup complete
22:04:11::INFO    :Application Starting up
22:04:11::DEBUG   :Using proactor: IocpProactor
22:04:11::DEBUG   :Importing AvifImagePlugin
22:04:11::DEBUG   :Importing BlpImagePlugin
22:04:11::DEBUG   :Importing BmpImagePlugin
22:04:11::DEBUG   :Importing BufrStubImagePlugin
22:04:11::DEBUG   :Importing CurImagePlugin
22:04:11::DEBUG   :Importing DcxImagePlugin
22:04:11::DEBUG   :Importing DdsImagePlugin
22:04:11::DEBUG   :Importing EpsImagePlugin
22:04:11::DEBUG   :Importing FitsImagePlugin
22:04:11::DEBUG   :Importing FliImagePlugin
22:04:11::DEBUG   :Importing FpxImagePlugin
22:04:11::DEBUG   :Image: failed to import FpxImagePlugin: No module named 'olefile'
22:04:11::DEBUG   :Importing FtexImagePlugin
22:04:11::DEBUG   :Importing GbrImagePlugin
22:04:11::DEBUG   :Importing GifImagePlugin
22:04:11::DEBUG   :Importing GribStubImagePlugin
22:04:11::DEBUG   :Importing Hdf5StubImagePlugin
22:04:11::DEBUG   :Importing IcnsImagePlugin
22:04:11::DEBUG   :Importing IcoImagePlugin
22:04:11::DEBUG   :Importing ImImagePlugin
22:04:11::DEBUG   :Importing ImtImagePlugin
22:04:11::DEBUG   :Importing IptcImagePlugin
22:04:11::DEBUG   :Importing JpegImagePlugin
22:04:11::DEBUG   :Importing Jpeg2KImagePlugin
22:04:11::DEBUG   :Importing McIdasImagePlugin
22:04:11::DEBUG   :Importing MicImagePlugin
22:04:11::DEBUG   :Image: failed to import MicImagePlugin: No module named 'olefile'
22:04:11::DEBUG   :Importing MpegImagePlugin
22:04:11::DEBUG   :Importing MpoImagePlugin
22:04:11::DEBUG   :Importing MspImagePlugin
22:04:11::DEBUG   :Importing PalmImagePlugin
22:04:11::DEBUG   :Importing PcdImagePlugin
22:04:11::DEBUG   :Importing PcxImagePlugin
22:04:11::DEBUG   :Importing PdfImagePlugin
22:04:11::DEBUG   :Importing PixarImagePlugin
22:04:11::DEBUG   :Importing PngImagePlugin
22:04:11::DEBUG   :Importing PpmImagePlugin
22:04:11::DEBUG   :Importing PsdImagePlugin
22:04:11::DEBUG   :Importing QoiImagePlugin
22:04:11::DEBUG   :Importing SgiImagePlugin
22:04:11::DEBUG   :Importing SpiderImagePlugin
22:04:11::DEBUG   :Importing SunImagePlugin
22:04:11::DEBUG   :Importing TgaImagePlugin
22:04:11::DEBUG   :Importing TiffImagePlugin
22:04:11::DEBUG   :Importing WebPImagePlugin
22:04:11::DEBUG   :Importing WmfImagePlugin
22:04:11::DEBUG   :Importing XbmImagePlugin
22:04:11::DEBUG   :Importing XpmImagePlugin
22:04:11::DEBUG   :Importing XVThumbImagePlugin
22:04:11::INFO    :Startup complete
22:04:18::INFO    :Application Starting up
22:04:18::DEBUG   :Using proactor: IocpProactor
22:04:18::DEBUG   :Importing AvifImagePlugin
22:04:18::DEBUG   :Importing BlpImagePlugin
22:04:18::DEBUG   :Importing BmpImagePlugin
22:04:18::DEBUG   :Importing BufrStubImagePlugin
22:04:18::DEBUG   :Importing CurImagePlugin
22:04:18::DEBUG   :Importing DcxImagePlugin
22:04:18::DEBUG   :Importing DdsImagePlugin
22:04:18::DEBUG   :Importing EpsImagePlugin
22:04:18::DEBUG   :Importing FitsImagePlugin
22:04:18::DEBUG   :Importing FliImagePlugin
22:04:18::DEBUG   :Importing FpxImagePlugin
22:04:18::DEBUG   :Image: failed to import FpxImagePlugin: No module named 'olefile'
22:04:18::DEBUG   :Importing FtexImagePlugin
22:04:18::DEBUG   :Importing GbrImagePlugin
22:04:18::DEBUG   :Importing GifImagePlugin
22:04:18::DEBUG   :Importing GribStubImagePlugin
22:04:18::DEBUG   :Importing Hdf5StubImagePlugin
22:04:18::DEBUG   :Importing IcnsImagePlugin
22:04:18::DEBUG   :Importing IcoImagePlugin
22:04:18::DEBUG   :Importing ImImagePlugin
22:04:18::DEBUG   :Importing ImtImagePlugin
22:04:18::DEBUG   :Importing IptcImagePlugin
22:04:18::DEBUG   :Importing JpegImagePlugin
22:04:18::DEBUG   :Importing Jpeg2KImagePlugin
22:04:18::DEBUG   :Importing McIdasImagePlugin
22:04:18::DEBUG   :Importing MicImagePlugin
22:04:18::DEBUG   :Image: failed to import MicImagePlugin: No module named 'olefile'
22:04:18::DEBUG   :Importing MpegImagePlugin
22:04:18::DEBUG   :Importing MpoImagePlugin
22:04:18::DEBUG   :Importing MspImagePlugin
22:04:18::DEBUG   :Importing PalmImagePlugin
22:04:18::DEBUG   :Importing PcdImagePlugin
22:04:18::DEBUG   :Importing PcxImagePlugin
22:04:18::DEBUG   :Importing PdfImagePlugin
22:04:18::DEBUG   :Importing PixarImagePlugin
22:04:18::DEBUG   :Importing PngImagePlugin
22:04:18::DEBUG   :Importing PpmImagePlugin
22:04:18::DEBUG   :Importing PsdImagePlugin
22:04:18::DEBUG   :Importing QoiImagePlugin
22:04:18::DEBUG   :Importing SgiImagePlugin
22:04:18::DEBUG   :Importing SpiderImagePlugin
22:04:18::DEBUG   :Importing SunImagePlugin
22:04:18::DEBUG   :Importing TgaImagePlugin
22:04:18::DEBUG   :Importing TiffImagePlugin
22:04:18::DEBUG   :Importing WebPImagePlugin
22:04:18::DEBUG   :Importing WmfImagePlugin
22:04:18::DEBUG   :Importing XbmImagePlugin
22:04:18::DEBUG   :Importing XpmImagePlugin
22:04:18::DEBUG   :Importing XVThumbImagePlugin
22:04:18::INFO    :Startup complete
22:05:06::INFO    :Application Starting up
22:05:06::DEBUG   :Using proactor: IocpProactor
22:05:06::DEBUG   :Importing AvifImagePlugin
22:05:06::DEBUG   :Importing BlpImagePlugin
22:05:06::DEBUG   :Importing BmpImagePlugin
22:05:06::DEBUG   :Importing BufrStubImagePlugin
22:05:06::DEBUG   :Importing CurImagePlugin
22:05:06::DEBUG   :Importing DcxImagePlugin
22:05:06::DEBUG   :Importing DdsImagePlugin
22:05:06::DEBUG   :Importing EpsImagePlugin
22:05:06::DEBUG   :Importing FitsImagePlugin
22:05:06::DEBUG   :Importing FliImagePlugin
22:05:06::DEBUG   :Importing FpxImagePlugin
22:05:06::DEBUG   :Image: failed to import FpxImagePlugin: No module named 'olefile'
22:05:06::DEBUG   :Importing FtexImagePlugin
22:05:06::DEBUG   :Importing GbrImagePlugin
22:05:06::DEBUG   :Importing GifImagePlugin
22:05:06::DEBUG   :Importing GribStubImagePlugin
22:05:06::DEBUG   :Importing Hdf5StubImagePlugin
22:05:06::DEBUG   :Importing IcnsImagePlugin
22:05:06::DEBUG   :Importing IcoImagePlugin
22:05:06::DEBUG   :Importing ImImagePlugin
22:05:06::DEBUG   :Importing ImtImagePlugin
22:05:06::DEBUG   :Importing IptcImagePlugin
22:05:06::DEBUG   :Importing JpegImagePlugin
22:05:06::DEBUG   :Importing Jpeg2KImagePlugin
22:05:06::DEBUG   :Importing McIdasImagePlugin
22:05:06::DEBUG   :Importing MicImagePlugin
22:05:06::DEBUG   :Image: failed to import MicImagePlugin: No module named 'olefile'
22:05:06::DEBUG   :Importing MpegImagePlugin
22:05:06::DEBUG   :Importing MpoImagePlugin
22:05:06::DEBUG   :Importing MspImagePlugin
22:05:06::DEBUG   :Importing PalmImagePlugin
22:05:06::DEBUG   :Importing PcdImagePlugin
22:05:06::DEBUG   :Importing PcxImagePlugin
22:05:06::DEBUG   :Importing PdfImagePlugin
22:05:06::DEBUG   :Importing PixarImagePlugin
22:05:06::DEBUG   :Importing PngImagePlugin
22:05:06::DEBUG   :Importing PpmImagePlugin
22:05:06::DEBUG   :Importing PsdImagePlugin
22:05:06::DEBUG   :Importing QoiImagePlugin
22:05:06::DEBUG   :Importing SgiImagePlugin
22:05:06::DEBUG   :Importing SpiderImagePlugin
22:05:06::DEBUG   :Importing SunImagePlugin
22:05:06::DEBUG   :Importing TgaImagePlugin
22:05:06::DEBUG   :Importing TiffImagePlugin
22:05:06::DEBUG   :Importing WebPImagePlugin
22:05:06::DEBUG   :Importing WmfImagePlugin
22:05:06::DEBUG   :Importing XbmImagePlugin
22:05:06::DEBUG   :Importing XpmImagePlugin
22:05:06::DEBUG   :Importing XVThumbImagePlugin
22:05:06::INFO    :Startup complete
